The system is: Linux - 3.10.0-693.5.2.el7.x86_64 - x86_64
Compiling the C compiler identification source file "CMakeCCompilerId.c" succeeded.
Compiler: /share/apps/software/Compiler/GCC/6.4.0-2.28/OpenMPI/2.1.2/bin/mpicc 
Build flags: 
Id flags: 

The output was:
0


Compilation of the C compiler identification source "CMakeCCompilerId.c" produced "a.out"

The C compiler identification is GNU, found in "/home/kimlv/TMA4280v2018/P2/parallell/CMakeFiles/2.8.12.2/CompilerIdC/a.out"

Compiling the CXX compiler identification source file "CMakeCXXCompilerId.cpp" succeeded.
Compiler: /share/apps/software/Compiler/GCC/6.4.0-2.28/OpenMPI/2.1.2/bin/mpicxx 
Build flags: 
Id flags: 

The output was:
0


Compilation of the CXX compiler identification source "CMakeCXXCompilerId.cpp" produced "a.out"

The CXX compiler identification is GNU, found in "/home/kimlv/TMA4280v2018/P2/parallell/CMakeFiles/2.8.12.2/CompilerIdCXX/a.out"

Determining if the C compiler works passed with the following output:
Change Dir: /home/kimlv/TMA4280v2018/P2/parallell/CMakeFiles/CMakeTmp

Run Build Command:/usr/bin/gmake "cmTryCompileExec2414575637/fast"
/usr/bin/gmake -f CMakeFiles/cmTryCompileExec2414575637.dir/build.make CMakeFiles/cmTryCompileExec2414575637.dir/build
gmake[1]: Entering directory `/home/kimlv/TMA4280v2018/P2/parallell/CMakeFiles/CMakeTmp'
/usr/bin/cmake -E cmake_progress_report /home/kimlv/TMA4280v2018/P2/parallell/CMakeFiles/CMakeTmp/CMakeFiles 1
Building C object CMakeFiles/cmTryCompileExec2414575637.dir/testCCompiler.c.o
/share/apps/software/Compiler/GCC/6.4.0-2.28/OpenMPI/2.1.2/bin/mpicc    -o CMakeFiles/cmTryCompileExec2414575637.dir/testCCompiler.c.o   -c /home/kimlv/TMA4280v2018/P2/parallell/CMakeFiles/CMakeTmp/testCCompiler.c
Linking C executable cmTryCompileExec2414575637
/usr/bin/cmake -E cmake_link_script CMakeFiles/cmTryCompileExec2414575637.dir/link.txt --verbose=1
/share/apps/software/Compiler/GCC/6.4.0-2.28/OpenMPI/2.1.2/bin/mpicc       CMakeFiles/cmTryCompileExec2414575637.dir/testCCompiler.c.o  -o cmTryCompileExec2414575637 -rdynamic 
gmake[1]: Leaving directory `/home/kimlv/TMA4280v2018/P2/parallell/CMakeFiles/CMakeTmp'


Detecting C compiler ABI info compiled with the following output:
Change Dir: /home/kimlv/TMA4280v2018/P2/parallell/CMakeFiles/CMakeTmp

Run Build Command:/usr/bin/gmake "cmTryCompileExec1855398098/fast"
/usr/bin/gmake -f CMakeFiles/cmTryCompileExec1855398098.dir/build.make CMakeFiles/cmTryCompileExec1855398098.dir/build
gmake[1]: Entering directory `/home/kimlv/TMA4280v2018/P2/parallell/CMakeFiles/CMakeTmp'
/usr/bin/cmake -E cmake_progress_report /home/kimlv/TMA4280v2018/P2/parallell/CMakeFiles/CMakeTmp/CMakeFiles 1
Building C object CMakeFiles/cmTryCompileExec1855398098.dir/CMakeCCompilerABI.c.o
/share/apps/software/Compiler/GCC/6.4.0-2.28/OpenMPI/2.1.2/bin/mpicc    -o CMakeFiles/cmTryCompileExec1855398098.dir/CMakeCCompilerABI.c.o   -c /usr/share/cmake/Modules/CMakeCCompilerABI.c
Linking C executable cmTryCompileExec1855398098
/usr/bin/cmake -E cmake_link_script CMakeFiles/cmTryCompileExec1855398098.dir/link.txt --verbose=1
/share/apps/software/Compiler/GCC/6.4.0-2.28/OpenMPI/2.1.2/bin/mpicc     -v CMakeFiles/cmTryCompileExec1855398098.dir/CMakeCCompilerABI.c.o  -o cmTryCompileExec1855398098 -rdynamic  
Using built-in specs.
COLLECT_GCC=/share/apps/software/Core/GCCcore/6.4.0/bin/gcc
COLLECT_LTO_WRAPPER=/share/apps/software/Core/GCCcore/6.4.0/libexec/gcc/x86_64-pc-linux-gnu/6.4.0/lto-wrapper
Target: x86_64-pc-linux-gnu
Configured with: ../configure --enable-languages=c,c++,fortran --enable-lto --enable-checking=release --disable-multilib --enable-shared=yes --enable-static=yes --enable-threads=posix --enable-gold=default --enable-plugins --enable-ld --with-plugin-ld=ld.gold --prefix=/share/apps/software/Core/GCCcore/6.4.0 --with-local-prefix=/share/apps/software/Core/GCCcore/6.4.0 --enable-bootstrap --with-isl=/share/apps/easybuild/build/GCCcore/6.4.0/dummy-/gcc-6.4.0/stage2_stuff
Thread model: posix
gcc version 6.4.0 (GCC) 
COMPILER_PATH=/share/apps/software/Core/GCCcore/6.4.0/libexec/gcc/x86_64-pc-linux-gnu/6.4.0/:/share/apps/software/Core/GCCcore/6.4.0/libexec/gcc/x86_64-pc-linux-gnu/6.4.0/:/share/apps/software/Core/GCCcore/6.4.0/libexec/gcc/x86_64-pc-linux-gnu/:/share/apps/software/Core/GCCcore/6.4.0/lib/gcc/x86_64-pc-linux-gnu/6.4.0/:/share/apps/software/Core/GCCcore/6.4.0/lib/gcc/x86_64-pc-linux-gnu/
LIBRARY_PATH=/share/apps/software/Core/GCCcore/6.4.0/lib64/../lib64/:/share/apps/software/Core/GCCcore/6.4.0/lib/../lib64/:/share/apps/software/Core/GCCcore/6.4.0/lib/gcc/x86_64-pc-linux-gnu/6.4.0/:/share/apps/software/Core/GCCcore/6.4.0/lib/gcc/x86_64-pc-linux-gnu/6.4.0/../../../../lib64/:/lib/../lib64/:/usr/lib/../lib64/:/share/apps/software/Compiler/GCC/6.4.0-2.28/OpenMPI/2.1.2/lib/:/share/apps/software/Compiler/GCCcore/6.4.0/hwloc/1.11.8/lib/:/share/apps/software/Compiler/GCCcore/6.4.0/numactl/2.0.11/lib/:/share/apps/software/Compiler/GCCcore/6.4.0/binutils/2.28/lib/:/share/apps/software/Core/GCCcore/6.4.0/lib64/:/share/apps/software/Core/GCCcore/6.4.0/lib/:/share/apps/software/Core/GCCcore/6.4.0/lib/gcc/x86_64-pc-linux-gnu/6.4.0/../../../:/lib/:/usr/lib/
COLLECT_GCC_OPTIONS='-v' '-o' 'cmTryCompileExec1855398098' '-rdynamic' '-I' '/share/apps/software/Compiler/GCC/6.4.0-2.28/OpenMPI/2.1.2/include' '-L/share/apps/software/Compiler/GCCcore/6.4.0/hwloc/1.11.8/lib' '-L/opt/pbs/lib' '-L/usr/lib64' '-L/share/apps/software/Compiler/GCC/6.4.0-2.28/OpenMPI/2.1.2/lib' '-mtune=generic' '-march=x86-64'
 /share/apps/software/Core/GCCcore/6.4.0/libexec/gcc/x86_64-pc-linux-gnu/6.4.0/collect2 -plugin /share/apps/software/Core/GCCcore/6.4.0/libexec/gcc/x86_64-pc-linux-gnu/6.4.0/liblto_plugin.so -plugin-opt=/share/apps/software/Core/GCCcore/6.4.0/libexec/gcc/x86_64-pc-linux-gnu/6.4.0/lto-wrapper -plugin-opt=-fresolution=/tmp/ccT1PEpO.res -plugin-opt=-pass-through=-lgcc -plugin-opt=-pass-through=-lgcc_s -plugin-opt=-pass-through=-lc -plugin-opt=-pass-through=-lgcc -plugin-opt=-pass-through=-lgcc_s --eh-frame-hdr -m elf_x86_64 -export-dynamic -dynamic-linker /lib64/ld-linux-x86-64.so.2 -o cmTryCompileExec1855398098 /lib/../lib64/crt1.o /lib/../lib64/crti.o /share/apps/software/Core/GCCcore/6.4.0/lib/gcc/x86_64-pc-linux-gnu/6.4.0/crtbegin.o -L/share/apps/software/Compiler/GCCcore/6.4.0/hwloc/1.11.8/lib -L/opt/pbs/lib -L/usr/lib64 -L/share/apps/software/Compiler/GCC/6.4.0-2.28/OpenMPI/2.1.2/lib -L/share/apps/software/Core/GCCcore/6.4.0/lib64/../lib64 -L/share/apps/software/Core/GCCcore/6.4.0/lib/../lib64 -L/share/apps/software/Core/GCCcore/6.4.0/lib/gcc/x86_64-pc-linux-gnu/6.4.0 -L/share/apps/software/Core/GCCcore/6.4.0/lib/gcc/x86_64-pc-linux-gnu/6.4.0/../../../../lib64 -L/lib/../lib64 -L/usr/lib/../lib64 -L/share/apps/software/Compiler/GCC/6.4.0-2.28/OpenMPI/2.1.2/lib -L/share/apps/software/Compiler/GCCcore/6.4.0/hwloc/1.11.8/lib -L/share/apps/software/Compiler/GCCcore/6.4.0/numactl/2.0.11/lib -L/share/apps/software/Compiler/GCCcore/6.4.0/binutils/2.28/lib -L/share/apps/software/Core/GCCcore/6.4.0/lib64 -L/share/apps/software/Core/GCCcore/6.4.0/lib -L/share/apps/software/Core/GCCcore/6.4.0/lib/gcc/x86_64-pc-linux-gnu/6.4.0/../../.. CMakeFiles/cmTryCompileExec1855398098.dir/CMakeCCompilerABI.c.o -rpath /share/apps/software/Compiler/GCCcore/6.4.0/hwloc/1.11.8/lib -rpath /opt/pbs/lib -rpath /usr/lib64 -rpath /share/apps/software/Compiler/GCC/6.4.0-2.28/OpenMPI/2.1.2/lib --enable-new-dtags -lmpi -lgcc --as-needed -lgcc_s --no-as-needed -lc -lgcc --as-needed -lgcc_s --no-as-needed /share/apps/software/Core/GCCcore/6.4.0/lib/gcc/x86_64-pc-linux-gnu/6.4.0/crtend.o /lib/../lib64/crtn.o
COLLECT_GCC_OPTIONS='-v' '-o' 'cmTryCompileExec1855398098' '-rdynamic' '-I' '/share/apps/software/Compiler/GCC/6.4.0-2.28/OpenMPI/2.1.2/include' '-L/share/apps/software/Compiler/GCCcore/6.4.0/hwloc/1.11.8/lib' '-L/opt/pbs/lib' '-L/usr/lib64' '-L/share/apps/software/Compiler/GCC/6.4.0-2.28/OpenMPI/2.1.2/lib' '-mtune=generic' '-march=x86-64'
gmake[1]: Leaving directory `/home/kimlv/TMA4280v2018/P2/parallell/CMakeFiles/CMakeTmp'


Parsed C implicit link information from above output:
  link line regex: [^( *|.*[/\])(ld|([^/\]+-)?ld|collect2)[^/\]*( |$)]
  ignore line: [Change Dir: /home/kimlv/TMA4280v2018/P2/parallell/CMakeFiles/CMakeTmp]
  ignore line: []
  ignore line: [Run Build Command:/usr/bin/gmake "cmTryCompileExec1855398098/fast"]
  ignore line: [/usr/bin/gmake -f CMakeFiles/cmTryCompileExec1855398098.dir/build.make CMakeFiles/cmTryCompileExec1855398098.dir/build]
  ignore line: [gmake[1]: Entering directory `/home/kimlv/TMA4280v2018/P2/parallell/CMakeFiles/CMakeTmp']
  ignore line: [/usr/bin/cmake -E cmake_progress_report /home/kimlv/TMA4280v2018/P2/parallell/CMakeFiles/CMakeTmp/CMakeFiles 1]
  ignore line: [Building C object CMakeFiles/cmTryCompileExec1855398098.dir/CMakeCCompilerABI.c.o]
  ignore line: [/share/apps/software/Compiler/GCC/6.4.0-2.28/OpenMPI/2.1.2/bin/mpicc    -o CMakeFiles/cmTryCompileExec1855398098.dir/CMakeCCompilerABI.c.o   -c /usr/share/cmake/Modules/CMakeCCompilerABI.c]
  ignore line: [Linking C executable cmTryCompileExec1855398098]
  ignore line: [/usr/bin/cmake -E cmake_link_script CMakeFiles/cmTryCompileExec1855398098.dir/link.txt --verbose=1]
  ignore line: [/share/apps/software/Compiler/GCC/6.4.0-2.28/OpenMPI/2.1.2/bin/mpicc     -v CMakeFiles/cmTryCompileExec1855398098.dir/CMakeCCompilerABI.c.o  -o cmTryCompileExec1855398098 -rdynamic  ]
  ignore line: [Using built-in specs.]
  ignore line: [COLLECT_GCC=/share/apps/software/Core/GCCcore/6.4.0/bin/gcc]
  ignore line: [COLLECT_LTO_WRAPPER=/share/apps/software/Core/GCCcore/6.4.0/libexec/gcc/x86_64-pc-linux-gnu/6.4.0/lto-wrapper]
  ignore line: [Target: x86_64-pc-linux-gnu]
  ignore line: [Configured with: ../configure --enable-languages=c,c++,fortran --enable-lto --enable-checking=release --disable-multilib --enable-shared=yes --enable-static=yes --enable-threads=posix --enable-gold=default --enable-plugins --enable-ld --with-plugin-ld=ld.gold --prefix=/share/apps/software/Core/GCCcore/6.4.0 --with-local-prefix=/share/apps/software/Core/GCCcore/6.4.0 --enable-bootstrap --with-isl=/share/apps/easybuild/build/GCCcore/6.4.0/dummy-/gcc-6.4.0/stage2_stuff]
  ignore line: [Thread model: posix]
  ignore line: [gcc version 6.4.0 (GCC) ]
  ignore line: [COMPILER_PATH=/share/apps/software/Core/GCCcore/6.4.0/libexec/gcc/x86_64-pc-linux-gnu/6.4.0/:/share/apps/software/Core/GCCcore/6.4.0/libexec/gcc/x86_64-pc-linux-gnu/6.4.0/:/share/apps/software/Core/GCCcore/6.4.0/libexec/gcc/x86_64-pc-linux-gnu/:/share/apps/software/Core/GCCcore/6.4.0/lib/gcc/x86_64-pc-linux-gnu/6.4.0/:/share/apps/software/Core/GCCcore/6.4.0/lib/gcc/x86_64-pc-linux-gnu/]
  ignore line: [LIBRARY_PATH=/share/apps/software/Core/GCCcore/6.4.0/lib64/../lib64/:/share/apps/software/Core/GCCcore/6.4.0/lib/../lib64/:/share/apps/software/Core/GCCcore/6.4.0/lib/gcc/x86_64-pc-linux-gnu/6.4.0/:/share/apps/software/Core/GCCcore/6.4.0/lib/gcc/x86_64-pc-linux-gnu/6.4.0/../../../../lib64/:/lib/../lib64/:/usr/lib/../lib64/:/share/apps/software/Compiler/GCC/6.4.0-2.28/OpenMPI/2.1.2/lib/:/share/apps/software/Compiler/GCCcore/6.4.0/hwloc/1.11.8/lib/:/share/apps/software/Compiler/GCCcore/6.4.0/numactl/2.0.11/lib/:/share/apps/software/Compiler/GCCcore/6.4.0/binutils/2.28/lib/:/share/apps/software/Core/GCCcore/6.4.0/lib64/:/share/apps/software/Core/GCCcore/6.4.0/lib/:/share/apps/software/Core/GCCcore/6.4.0/lib/gcc/x86_64-pc-linux-gnu/6.4.0/../../../:/lib/:/usr/lib/]
  ignore line: [COLLECT_GCC_OPTIONS='-v' '-o' 'cmTryCompileExec1855398098' '-rdynamic' '-I' '/share/apps/software/Compiler/GCC/6.4.0-2.28/OpenMPI/2.1.2/include' '-L/share/apps/software/Compiler/GCCcore/6.4.0/hwloc/1.11.8/lib' '-L/opt/pbs/lib' '-L/usr/lib64' '-L/share/apps/software/Compiler/GCC/6.4.0-2.28/OpenMPI/2.1.2/lib' '-mtune=generic' '-march=x86-64']
  link line: [ /share/apps/software/Core/GCCcore/6.4.0/libexec/gcc/x86_64-pc-linux-gnu/6.4.0/collect2 -plugin /share/apps/software/Core/GCCcore/6.4.0/libexec/gcc/x86_64-pc-linux-gnu/6.4.0/liblto_plugin.so -plugin-opt=/share/apps/software/Core/GCCcore/6.4.0/libexec/gcc/x86_64-pc-linux-gnu/6.4.0/lto-wrapper -plugin-opt=-fresolution=/tmp/ccT1PEpO.res -plugin-opt=-pass-through=-lgcc -plugin-opt=-pass-through=-lgcc_s -plugin-opt=-pass-through=-lc -plugin-opt=-pass-through=-lgcc -plugin-opt=-pass-through=-lgcc_s --eh-frame-hdr -m elf_x86_64 -export-dynamic -dynamic-linker /lib64/ld-linux-x86-64.so.2 -o cmTryCompileExec1855398098 /lib/../lib64/crt1.o /lib/../lib64/crti.o /share/apps/software/Core/GCCcore/6.4.0/lib/gcc/x86_64-pc-linux-gnu/6.4.0/crtbegin.o -L/share/apps/software/Compiler/GCCcore/6.4.0/hwloc/1.11.8/lib -L/opt/pbs/lib -L/usr/lib64 -L/share/apps/software/Compiler/GCC/6.4.0-2.28/OpenMPI/2.1.2/lib -L/share/apps/software/Core/GCCcore/6.4.0/lib64/../lib64 -L/share/apps/software/Core/GCCcore/6.4.0/lib/../lib64 -L/share/apps/software/Core/GCCcore/6.4.0/lib/gcc/x86_64-pc-linux-gnu/6.4.0 -L/share/apps/software/Core/GCCcore/6.4.0/lib/gcc/x86_64-pc-linux-gnu/6.4.0/../../../../lib64 -L/lib/../lib64 -L/usr/lib/../lib64 -L/share/apps/software/Compiler/GCC/6.4.0-2.28/OpenMPI/2.1.2/lib -L/share/apps/software/Compiler/GCCcore/6.4.0/hwloc/1.11.8/lib -L/share/apps/software/Compiler/GCCcore/6.4.0/numactl/2.0.11/lib -L/share/apps/software/Compiler/GCCcore/6.4.0/binutils/2.28/lib -L/share/apps/software/Core/GCCcore/6.4.0/lib64 -L/share/apps/software/Core/GCCcore/6.4.0/lib -L/share/apps/software/Core/GCCcore/6.4.0/lib/gcc/x86_64-pc-linux-gnu/6.4.0/../../.. CMakeFiles/cmTryCompileExec1855398098.dir/CMakeCCompilerABI.c.o -rpath /share/apps/software/Compiler/GCCcore/6.4.0/hwloc/1.11.8/lib -rpath /opt/pbs/lib -rpath /usr/lib64 -rpath /share/apps/software/Compiler/GCC/6.4.0-2.28/OpenMPI/2.1.2/lib --enable-new-dtags -lmpi -lgcc --as-needed -lgcc_s --no-as-needed -lc -lgcc --as-needed -lgcc_s --no-as-needed /share/apps/software/Core/GCCcore/6.4.0/lib/gcc/x86_64-pc-linux-gnu/6.4.0/crtend.o /lib/../lib64/crtn.o]
    arg [/share/apps/software/Core/GCCcore/6.4.0/libexec/gcc/x86_64-pc-linux-gnu/6.4.0/collect2] ==> ignore
    arg [-plugin] ==> ignore
    arg [/share/apps/software/Core/GCCcore/6.4.0/libexec/gcc/x86_64-pc-linux-gnu/6.4.0/liblto_plugin.so] ==> ignore
    arg [-plugin-opt=/share/apps/software/Core/GCCcore/6.4.0/libexec/gcc/x86_64-pc-linux-gnu/6.4.0/lto-wrapper] ==> ignore
    arg [-plugin-opt=-fresolution=/tmp/ccT1PEpO.res] ==> ignore
    arg [-plugin-opt=-pass-through=-lgcc] ==> ignore
    arg [-plugin-opt=-pass-through=-lgcc_s] ==> ignore
    arg [-plugin-opt=-pass-through=-lc] ==> ignore
    arg [-plugin-opt=-pass-through=-lgcc] ==> ignore
    arg [-plugin-opt=-pass-through=-lgcc_s] ==> ignore
    arg [--eh-frame-hdr] ==> ignore
    arg [-m] ==> ignore
    arg [elf_x86_64] ==> ignore
    arg [-export-dynamic] ==> ignore
    arg [-dynamic-linker] ==> ignore
    arg [/lib64/ld-linux-x86-64.so.2] ==> ignore
    arg [-o] ==> ignore
    arg [cmTryCompileExec1855398098] ==> ignore
    arg [/lib/../lib64/crt1.o] ==> ignore
    arg [/lib/../lib64/crti.o] ==> ignore
    arg [/share/apps/software/Core/GCCcore/6.4.0/lib/gcc/x86_64-pc-linux-gnu/6.4.0/crtbegin.o] ==> ignore
    arg [-L/share/apps/software/Compiler/GCCcore/6.4.0/hwloc/1.11.8/lib] ==> dir [/share/apps/software/Compiler/GCCcore/6.4.0/hwloc/1.11.8/lib]
    arg [-L/opt/pbs/lib] ==> dir [/opt/pbs/lib]
    arg [-L/usr/lib64] ==> dir [/usr/lib64]
    arg [-L/share/apps/software/Compiler/GCC/6.4.0-2.28/OpenMPI/2.1.2/lib] ==> dir [/share/apps/software/Compiler/GCC/6.4.0-2.28/OpenMPI/2.1.2/lib]
    arg [-L/share/apps/software/Core/GCCcore/6.4.0/lib64/../lib64] ==> dir [/share/apps/software/Core/GCCcore/6.4.0/lib64/../lib64]
    arg [-L/share/apps/software/Core/GCCcore/6.4.0/lib/../lib64] ==> dir [/share/apps/software/Core/GCCcore/6.4.0/lib/../lib64]
    arg [-L/share/apps/software/Core/GCCcore/6.4.0/lib/gcc/x86_64-pc-linux-gnu/6.4.0] ==> dir [/share/apps/software/Core/GCCcore/6.4.0/lib/gcc/x86_64-pc-linux-gnu/6.4.0]
    arg [-L/share/apps/software/Core/GCCcore/6.4.0/lib/gcc/x86_64-pc-linux-gnu/6.4.0/../../../../lib64] ==> dir [/share/apps/software/Core/GCCcore/6.4.0/lib/gcc/x86_64-pc-linux-gnu/6.4.0/../../../../lib64]
    arg [-L/lib/../lib64] ==> dir [/lib/../lib64]
    arg [-L/usr/lib/../lib64] ==> dir [/usr/lib/../lib64]
    arg [-L/share/apps/software/Compiler/GCC/6.4.0-2.28/OpenMPI/2.1.2/lib] ==> dir [/share/apps/software/Compiler/GCC/6.4.0-2.28/OpenMPI/2.1.2/lib]
    arg [-L/share/apps/software/Compiler/GCCcore/6.4.0/hwloc/1.11.8/lib] ==> dir [/share/apps/software/Compiler/GCCcore/6.4.0/hwloc/1.11.8/lib]
    arg [-L/share/apps/software/Compiler/GCCcore/6.4.0/numactl/2.0.11/lib] ==> dir [/share/apps/software/Compiler/GCCcore/6.4.0/numactl/2.0.11/lib]
    arg [-L/share/apps/software/Compiler/GCCcore/6.4.0/binutils/2.28/lib] ==> dir [/share/apps/software/Compiler/GCCcore/6.4.0/binutils/2.28/lib]
    arg [-L/share/apps/software/Core/GCCcore/6.4.0/lib64] ==> dir [/share/apps/software/Core/GCCcore/6.4.0/lib64]
    arg [-L/share/apps/software/Core/GCCcore/6.4.0/lib] ==> dir [/share/apps/software/Core/GCCcore/6.4.0/lib]
    arg [-L/share/apps/software/Core/GCCcore/6.4.0/lib/gcc/x86_64-pc-linux-gnu/6.4.0/../../..] ==> dir [/share/apps/software/Core/GCCcore/6.4.0/lib/gcc/x86_64-pc-linux-gnu/6.4.0/../../..]
    arg [CMakeFiles/cmTryCompileExec1855398098.dir/CMakeCCompilerABI.c.o] ==> ignore
    arg [-rpath] ==> ignore
    arg [/share/apps/software/Compiler/GCCcore/6.4.0/hwloc/1.11.8/lib] ==> ignore
    arg [-rpath] ==> ignore
    arg [/opt/pbs/lib] ==> ignore
    arg [-rpath] ==> ignore
    arg [/usr/lib64] ==> ignore
    arg [-rpath] ==> ignore
    arg [/share/apps/software/Compiler/GCC/6.4.0-2.28/OpenMPI/2.1.2/lib] ==> ignore
    arg [--enable-new-dtags] ==> ignore
    arg [-lmpi] ==> lib [mpi]
    arg [-lgcc] ==> lib [gcc]
    arg [--as-needed] ==> ignore
    arg [-lgcc_s] ==> lib [gcc_s]
    arg [--no-as-needed] ==> ignore
    arg [-lc] ==> lib [c]
    arg [-lgcc] ==> lib [gcc]
    arg [--as-needed] ==> ignore
    arg [-lgcc_s] ==> lib [gcc_s]
    arg [--no-as-needed] ==> ignore
    arg [/share/apps/software/Core/GCCcore/6.4.0/lib/gcc/x86_64-pc-linux-gnu/6.4.0/crtend.o] ==> ignore
    arg [/lib/../lib64/crtn.o] ==> ignore
  remove lib [gcc]
  remove lib [gcc_s]
  remove lib [gcc]
  remove lib [gcc_s]
  collapse library dir [/share/apps/software/Compiler/GCCcore/6.4.0/hwloc/1.11.8/lib] ==> [/share/apps/software/Compiler/GCCcore/6.4.0/hwloc/1.11.8/lib]
  collapse library dir [/opt/pbs/lib] ==> [/opt/pbs/lib]
  collapse library dir [/usr/lib64] ==> [/usr/lib64]
  collapse library dir [/share/apps/software/Compiler/GCC/6.4.0-2.28/OpenMPI/2.1.2/lib] ==> [/share/apps/software/Compiler/GCC/6.4.0-2.28/OpenMPI/2.1.2/lib]
  collapse library dir [/share/apps/software/Core/GCCcore/6.4.0/lib64/../lib64] ==> [/share/apps/software/Core/GCCcore/6.4.0/lib64]
  collapse library dir [/share/apps/software/Core/GCCcore/6.4.0/lib/../lib64] ==> [/share/apps/software/Core/GCCcore/6.4.0/lib64]
  collapse library dir [/share/apps/software/Core/GCCcore/6.4.0/lib/gcc/x86_64-pc-linux-gnu/6.4.0] ==> [/share/apps/software/Core/GCCcore/6.4.0/lib/gcc/x86_64-pc-linux-gnu/6.4.0]
  collapse library dir [/share/apps/software/Core/GCCcore/6.4.0/lib/gcc/x86_64-pc-linux-gnu/6.4.0/../../../../lib64] ==> [/share/apps/software/Core/GCCcore/6.4.0/lib64]
  collapse library dir [/lib/../lib64] ==> [/lib64]
  collapse library dir [/usr/lib/../lib64] ==> [/usr/lib64]
  collapse library dir [/share/apps/software/Compiler/GCC/6.4.0-2.28/OpenMPI/2.1.2/lib] ==> [/share/apps/software/Compiler/GCC/6.4.0-2.28/OpenMPI/2.1.2/lib]
  collapse library dir [/share/apps/software/Compiler/GCCcore/6.4.0/hwloc/1.11.8/lib] ==> [/share/apps/software/Compiler/GCCcore/6.4.0/hwloc/1.11.8/lib]
  collapse library dir [/share/apps/software/Compiler/GCCcore/6.4.0/numactl/2.0.11/lib] ==> [/share/apps/software/Compiler/GCCcore/6.4.0/numactl/2.0.11/lib]
  collapse library dir [/share/apps/software/Compiler/GCCcore/6.4.0/binutils/2.28/lib] ==> [/share/apps/software/Compiler/GCCcore/6.4.0/binutils/2.28/lib]
  collapse library dir [/share/apps/software/Core/GCCcore/6.4.0/lib64] ==> [/share/apps/software/Core/GCCcore/6.4.0/lib64]
  collapse library dir [/share/apps/software/Core/GCCcore/6.4.0/lib] ==> [/share/apps/software/Core/GCCcore/6.4.0/lib]
  collapse library dir [/share/apps/software/Core/GCCcore/6.4.0/lib/gcc/x86_64-pc-linux-gnu/6.4.0/../../..] ==> [/share/apps/software/Core/GCCcore/6.4.0/lib]
  implicit libs: [mpi;c]
  implicit dirs: [/share/apps/software/Compiler/GCCcore/6.4.0/hwloc/1.11.8/lib;/opt/pbs/lib;/usr/lib64;/share/apps/software/Compiler/GCC/6.4.0-2.28/OpenMPI/2.1.2/lib;/share/apps/software/Core/GCCcore/6.4.0/lib64;/share/apps/software/Core/GCCcore/6.4.0/lib/gcc/x86_64-pc-linux-gnu/6.4.0;/lib64;/share/apps/software/Compiler/GCCcore/6.4.0/numactl/2.0.11/lib;/share/apps/software/Compiler/GCCcore/6.4.0/binutils/2.28/lib;/share/apps/software/Core/GCCcore/6.4.0/lib]
  implicit fwks: []


Determining if the CXX compiler works passed with the following output:
Change Dir: /home/kimlv/TMA4280v2018/P2/parallell/CMakeFiles/CMakeTmp

Run Build Command:/usr/bin/gmake "cmTryCompileExec2093126685/fast"
/usr/bin/gmake -f CMakeFiles/cmTryCompileExec2093126685.dir/build.make CMakeFiles/cmTryCompileExec2093126685.dir/build
gmake[1]: Entering directory `/home/kimlv/TMA4280v2018/P2/parallell/CMakeFiles/CMakeTmp'
/usr/bin/cmake -E cmake_progress_report /home/kimlv/TMA4280v2018/P2/parallell/CMakeFiles/CMakeTmp/CMakeFiles 1
Building CXX object CMakeFiles/cmTryCompileExec2093126685.dir/testCXXCompiler.cxx.o
/share/apps/software/Compiler/GCC/6.4.0-2.28/OpenMPI/2.1.2/bin/mpicxx     -o CMakeFiles/cmTryCompileExec2093126685.dir/testCXXCompiler.cxx.o -c /home/kimlv/TMA4280v2018/P2/parallell/CMakeFiles/CMakeTmp/testCXXCompiler.cxx
Linking CXX executable cmTryCompileExec2093126685
/usr/bin/cmake -E cmake_link_script CMakeFiles/cmTryCompileExec2093126685.dir/link.txt --verbose=1
/share/apps/software/Compiler/GCC/6.4.0-2.28/OpenMPI/2.1.2/bin/mpicxx        CMakeFiles/cmTryCompileExec2093126685.dir/testCXXCompiler.cxx.o  -o cmTryCompileExec2093126685 -rdynamic 
gmake[1]: Leaving directory `/home/kimlv/TMA4280v2018/P2/parallell/CMakeFiles/CMakeTmp'


Detecting CXX compiler ABI info compiled with the following output:
Change Dir: /home/kimlv/TMA4280v2018/P2/parallell/CMakeFiles/CMakeTmp

Run Build Command:/usr/bin/gmake "cmTryCompileExec4049297440/fast"
/usr/bin/gmake -f CMakeFiles/cmTryCompileExec4049297440.dir/build.make CMakeFiles/cmTryCompileExec4049297440.dir/build
gmake[1]: Entering directory `/home/kimlv/TMA4280v2018/P2/parallell/CMakeFiles/CMakeTmp'
/usr/bin/cmake -E cmake_progress_report /home/kimlv/TMA4280v2018/P2/parallell/CMakeFiles/CMakeTmp/CMakeFiles 1
Building CXX object CMakeFiles/cmTryCompileExec4049297440.dir/CMakeCXXCompilerABI.cpp.o
/share/apps/software/Compiler/GCC/6.4.0-2.28/OpenMPI/2.1.2/bin/mpicxx     -o CMakeFiles/cmTryCompileExec4049297440.dir/CMakeCXXCompilerABI.cpp.o -c /usr/share/cmake/Modules/CMakeCXXCompilerABI.cpp
Linking CXX executable cmTryCompileExec4049297440
/usr/bin/cmake -E cmake_link_script CMakeFiles/cmTryCompileExec4049297440.dir/link.txt --verbose=1
/share/apps/software/Compiler/GCC/6.4.0-2.28/OpenMPI/2.1.2/bin/mpicxx      -v CMakeFiles/cmTryCompileExec4049297440.dir/CMakeCXXCompilerABI.cpp.o  -o cmTryCompileExec4049297440 -rdynamic  
Using built-in specs.
COLLECT_GCC=/share/apps/software/Core/GCCcore/6.4.0/bin/g++
COLLECT_LTO_WRAPPER=/share/apps/software/Core/GCCcore/6.4.0/libexec/gcc/x86_64-pc-linux-gnu/6.4.0/lto-wrapper
Target: x86_64-pc-linux-gnu
Configured with: ../configure --enable-languages=c,c++,fortran --enable-lto --enable-checking=release --disable-multilib --enable-shared=yes --enable-static=yes --enable-threads=posix --enable-gold=default --enable-plugins --enable-ld --with-plugin-ld=ld.gold --prefix=/share/apps/software/Core/GCCcore/6.4.0 --with-local-prefix=/share/apps/software/Core/GCCcore/6.4.0 --enable-bootstrap --with-isl=/share/apps/easybuild/build/GCCcore/6.4.0/dummy-/gcc-6.4.0/stage2_stuff
Thread model: posix
gcc version 6.4.0 (GCC) 
COMPILER_PATH=/share/apps/software/Core/GCCcore/6.4.0/libexec/gcc/x86_64-pc-linux-gnu/6.4.0/:/share/apps/software/Core/GCCcore/6.4.0/libexec/gcc/x86_64-pc-linux-gnu/6.4.0/:/share/apps/software/Core/GCCcore/6.4.0/libexec/gcc/x86_64-pc-linux-gnu/:/share/apps/software/Core/GCCcore/6.4.0/lib/gcc/x86_64-pc-linux-gnu/6.4.0/:/share/apps/software/Core/GCCcore/6.4.0/lib/gcc/x86_64-pc-linux-gnu/
LIBRARY_PATH=/share/apps/software/Core/GCCcore/6.4.0/lib64/../lib64/:/share/apps/software/Core/GCCcore/6.4.0/lib/../lib64/:/share/apps/software/Core/GCCcore/6.4.0/lib/gcc/x86_64-pc-linux-gnu/6.4.0/:/share/apps/software/Core/GCCcore/6.4.0/lib/gcc/x86_64-pc-linux-gnu/6.4.0/../../../../lib64/:/lib/../lib64/:/usr/lib/../lib64/:/share/apps/software/Compiler/GCC/6.4.0-2.28/OpenMPI/2.1.2/lib/:/share/apps/software/Compiler/GCCcore/6.4.0/hwloc/1.11.8/lib/:/share/apps/software/Compiler/GCCcore/6.4.0/numactl/2.0.11/lib/:/share/apps/software/Compiler/GCCcore/6.4.0/binutils/2.28/lib/:/share/apps/software/Core/GCCcore/6.4.0/lib64/:/share/apps/software/Core/GCCcore/6.4.0/lib/:/share/apps/software/Core/GCCcore/6.4.0/lib/gcc/x86_64-pc-linux-gnu/6.4.0/../../../:/lib/:/usr/lib/
COLLECT_GCC_OPTIONS='-v' '-o' 'cmTryCompileExec4049297440' '-rdynamic' '-I' '/share/apps/software/Compiler/GCC/6.4.0-2.28/OpenMPI/2.1.2/include' '-L/share/apps/software/Compiler/GCCcore/6.4.0/hwloc/1.11.8/lib' '-L/opt/pbs/lib' '-L/usr/lib64' '-L/share/apps/software/Compiler/GCC/6.4.0-2.28/OpenMPI/2.1.2/lib' '-shared-libgcc' '-mtune=generic' '-march=x86-64'
 /share/apps/software/Core/GCCcore/6.4.0/libexec/gcc/x86_64-pc-linux-gnu/6.4.0/collect2 -plugin /share/apps/software/Core/GCCcore/6.4.0/libexec/gcc/x86_64-pc-linux-gnu/6.4.0/liblto_plugin.so -plugin-opt=/share/apps/software/Core/GCCcore/6.4.0/libexec/gcc/x86_64-pc-linux-gnu/6.4.0/lto-wrapper -plugin-opt=-fresolution=/tmp/ccw9pAmJ.res -plugin-opt=-pass-through=-lgcc_s -plugin-opt=-pass-through=-lgcc -plugin-opt=-pass-through=-lc -plugin-opt=-pass-through=-lgcc_s -plugin-opt=-pass-through=-lgcc --eh-frame-hdr -m elf_x86_64 -export-dynamic -dynamic-linker /lib64/ld-linux-x86-64.so.2 -o cmTryCompileExec4049297440 /lib/../lib64/crt1.o /lib/../lib64/crti.o /share/apps/software/Core/GCCcore/6.4.0/lib/gcc/x86_64-pc-linux-gnu/6.4.0/crtbegin.o -L/share/apps/software/Compiler/GCCcore/6.4.0/hwloc/1.11.8/lib -L/opt/pbs/lib -L/usr/lib64 -L/share/apps/software/Compiler/GCC/6.4.0-2.28/OpenMPI/2.1.2/lib -L/share/apps/software/Core/GCCcore/6.4.0/lib64/../lib64 -L/share/apps/software/Core/GCCcore/6.4.0/lib/../lib64 -L/share/apps/software/Core/GCCcore/6.4.0/lib/gcc/x86_64-pc-linux-gnu/6.4.0 -L/share/apps/software/Core/GCCcore/6.4.0/lib/gcc/x86_64-pc-linux-gnu/6.4.0/../../../../lib64 -L/lib/../lib64 -L/usr/lib/../lib64 -L/share/apps/software/Compiler/GCC/6.4.0-2.28/OpenMPI/2.1.2/lib -L/share/apps/software/Compiler/GCCcore/6.4.0/hwloc/1.11.8/lib -L/share/apps/software/Compiler/GCCcore/6.4.0/numactl/2.0.11/lib -L/share/apps/software/Compiler/GCCcore/6.4.0/binutils/2.28/lib -L/share/apps/software/Core/GCCcore/6.4.0/lib64 -L/share/apps/software/Core/GCCcore/6.4.0/lib -L/share/apps/software/Core/GCCcore/6.4.0/lib/gcc/x86_64-pc-linux-gnu/6.4.0/../../.. CMakeFiles/cmTryCompileExec4049297440.dir/CMakeCXXCompilerABI.cpp.o -rpath /share/apps/software/Compiler/GCCcore/6.4.0/hwloc/1.11.8/lib -rpath /opt/pbs/lib -rpath /usr/lib64 -rpath /share/apps/software/Compiler/GCC/6.4.0-2.28/OpenMPI/2.1.2/lib --enable-new-dtags -lmpi -lstdc++ -lm -lgcc_s -lgcc -lc -lgcc_s -lgcc /share/apps/software/Core/GCCcore/6.4.0/lib/gcc/x86_64-pc-linux-gnu/6.4.0/crtend.o /lib/../lib64/crtn.o
COLLECT_GCC_OPTIONS='-v' '-o' 'cmTryCompileExec4049297440' '-rdynamic' '-I' '/share/apps/software/Compiler/GCC/6.4.0-2.28/OpenMPI/2.1.2/include' '-L/share/apps/software/Compiler/GCCcore/6.4.0/hwloc/1.11.8/lib' '-L/opt/pbs/lib' '-L/usr/lib64' '-L/share/apps/software/Compiler/GCC/6.4.0-2.28/OpenMPI/2.1.2/lib' '-shared-libgcc' '-mtune=generic' '-march=x86-64'
gmake[1]: Leaving directory `/home/kimlv/TMA4280v2018/P2/parallell/CMakeFiles/CMakeTmp'


Parsed CXX implicit link information from above output:
  link line regex: [^( *|.*[/\])(ld|([^/\]+-)?ld|collect2)[^/\]*( |$)]
  ignore line: [Change Dir: /home/kimlv/TMA4280v2018/P2/parallell/CMakeFiles/CMakeTmp]
  ignore line: []
  ignore line: [Run Build Command:/usr/bin/gmake "cmTryCompileExec4049297440/fast"]
  ignore line: [/usr/bin/gmake -f CMakeFiles/cmTryCompileExec4049297440.dir/build.make CMakeFiles/cmTryCompileExec4049297440.dir/build]
  ignore line: [gmake[1]: Entering directory `/home/kimlv/TMA4280v2018/P2/parallell/CMakeFiles/CMakeTmp']
  ignore line: [/usr/bin/cmake -E cmake_progress_report /home/kimlv/TMA4280v2018/P2/parallell/CMakeFiles/CMakeTmp/CMakeFiles 1]
  ignore line: [Building CXX object CMakeFiles/cmTryCompileExec4049297440.dir/CMakeCXXCompilerABI.cpp.o]
  ignore line: [/share/apps/software/Compiler/GCC/6.4.0-2.28/OpenMPI/2.1.2/bin/mpicxx     -o CMakeFiles/cmTryCompileExec4049297440.dir/CMakeCXXCompilerABI.cpp.o -c /usr/share/cmake/Modules/CMakeCXXCompilerABI.cpp]
  ignore line: [Linking CXX executable cmTryCompileExec4049297440]
  ignore line: [/usr/bin/cmake -E cmake_link_script CMakeFiles/cmTryCompileExec4049297440.dir/link.txt --verbose=1]
  ignore line: [/share/apps/software/Compiler/GCC/6.4.0-2.28/OpenMPI/2.1.2/bin/mpicxx      -v CMakeFiles/cmTryCompileExec4049297440.dir/CMakeCXXCompilerABI.cpp.o  -o cmTryCompileExec4049297440 -rdynamic  ]
  ignore line: [Using built-in specs.]
  ignore line: [COLLECT_GCC=/share/apps/software/Core/GCCcore/6.4.0/bin/g++]
  ignore line: [COLLECT_LTO_WRAPPER=/share/apps/software/Core/GCCcore/6.4.0/libexec/gcc/x86_64-pc-linux-gnu/6.4.0/lto-wrapper]
  ignore line: [Target: x86_64-pc-linux-gnu]
  ignore line: [Configured with: ../configure --enable-languages=c,c++,fortran --enable-lto --enable-checking=release --disable-multilib --enable-shared=yes --enable-static=yes --enable-threads=posix --enable-gold=default --enable-plugins --enable-ld --with-plugin-ld=ld.gold --prefix=/share/apps/software/Core/GCCcore/6.4.0 --with-local-prefix=/share/apps/software/Core/GCCcore/6.4.0 --enable-bootstrap --with-isl=/share/apps/easybuild/build/GCCcore/6.4.0/dummy-/gcc-6.4.0/stage2_stuff]
  ignore line: [Thread model: posix]
  ignore line: [gcc version 6.4.0 (GCC) ]
  ignore line: [COMPILER_PATH=/share/apps/software/Core/GCCcore/6.4.0/libexec/gcc/x86_64-pc-linux-gnu/6.4.0/:/share/apps/software/Core/GCCcore/6.4.0/libexec/gcc/x86_64-pc-linux-gnu/6.4.0/:/share/apps/software/Core/GCCcore/6.4.0/libexec/gcc/x86_64-pc-linux-gnu/:/share/apps/software/Core/GCCcore/6.4.0/lib/gcc/x86_64-pc-linux-gnu/6.4.0/:/share/apps/software/Core/GCCcore/6.4.0/lib/gcc/x86_64-pc-linux-gnu/]
  ignore line: [LIBRARY_PATH=/share/apps/software/Core/GCCcore/6.4.0/lib64/../lib64/:/share/apps/software/Core/GCCcore/6.4.0/lib/../lib64/:/share/apps/software/Core/GCCcore/6.4.0/lib/gcc/x86_64-pc-linux-gnu/6.4.0/:/share/apps/software/Core/GCCcore/6.4.0/lib/gcc/x86_64-pc-linux-gnu/6.4.0/../../../../lib64/:/lib/../lib64/:/usr/lib/../lib64/:/share/apps/software/Compiler/GCC/6.4.0-2.28/OpenMPI/2.1.2/lib/:/share/apps/software/Compiler/GCCcore/6.4.0/hwloc/1.11.8/lib/:/share/apps/software/Compiler/GCCcore/6.4.0/numactl/2.0.11/lib/:/share/apps/software/Compiler/GCCcore/6.4.0/binutils/2.28/lib/:/share/apps/software/Core/GCCcore/6.4.0/lib64/:/share/apps/software/Core/GCCcore/6.4.0/lib/:/share/apps/software/Core/GCCcore/6.4.0/lib/gcc/x86_64-pc-linux-gnu/6.4.0/../../../:/lib/:/usr/lib/]
  ignore line: [COLLECT_GCC_OPTIONS='-v' '-o' 'cmTryCompileExec4049297440' '-rdynamic' '-I' '/share/apps/software/Compiler/GCC/6.4.0-2.28/OpenMPI/2.1.2/include' '-L/share/apps/software/Compiler/GCCcore/6.4.0/hwloc/1.11.8/lib' '-L/opt/pbs/lib' '-L/usr/lib64' '-L/share/apps/software/Compiler/GCC/6.4.0-2.28/OpenMPI/2.1.2/lib' '-shared-libgcc' '-mtune=generic' '-march=x86-64']
  link line: [ /share/apps/software/Core/GCCcore/6.4.0/libexec/gcc/x86_64-pc-linux-gnu/6.4.0/collect2 -plugin /share/apps/software/Core/GCCcore/6.4.0/libexec/gcc/x86_64-pc-linux-gnu/6.4.0/liblto_plugin.so -plugin-opt=/share/apps/software/Core/GCCcore/6.4.0/libexec/gcc/x86_64-pc-linux-gnu/6.4.0/lto-wrapper -plugin-opt=-fresolution=/tmp/ccw9pAmJ.res -plugin-opt=-pass-through=-lgcc_s -plugin-opt=-pass-through=-lgcc -plugin-opt=-pass-through=-lc -plugin-opt=-pass-through=-lgcc_s -plugin-opt=-pass-through=-lgcc --eh-frame-hdr -m elf_x86_64 -export-dynamic -dynamic-linker /lib64/ld-linux-x86-64.so.2 -o cmTryCompileExec4049297440 /lib/../lib64/crt1.o /lib/../lib64/crti.o /share/apps/software/Core/GCCcore/6.4.0/lib/gcc/x86_64-pc-linux-gnu/6.4.0/crtbegin.o -L/share/apps/software/Compiler/GCCcore/6.4.0/hwloc/1.11.8/lib -L/opt/pbs/lib -L/usr/lib64 -L/share/apps/software/Compiler/GCC/6.4.0-2.28/OpenMPI/2.1.2/lib -L/share/apps/software/Core/GCCcore/6.4.0/lib64/../lib64 -L/share/apps/software/Core/GCCcore/6.4.0/lib/../lib64 -L/share/apps/software/Core/GCCcore/6.4.0/lib/gcc/x86_64-pc-linux-gnu/6.4.0 -L/share/apps/software/Core/GCCcore/6.4.0/lib/gcc/x86_64-pc-linux-gnu/6.4.0/../../../../lib64 -L/lib/../lib64 -L/usr/lib/../lib64 -L/share/apps/software/Compiler/GCC/6.4.0-2.28/OpenMPI/2.1.2/lib -L/share/apps/software/Compiler/GCCcore/6.4.0/hwloc/1.11.8/lib -L/share/apps/software/Compiler/GCCcore/6.4.0/numactl/2.0.11/lib -L/share/apps/software/Compiler/GCCcore/6.4.0/binutils/2.28/lib -L/share/apps/software/Core/GCCcore/6.4.0/lib64 -L/share/apps/software/Core/GCCcore/6.4.0/lib -L/share/apps/software/Core/GCCcore/6.4.0/lib/gcc/x86_64-pc-linux-gnu/6.4.0/../../.. CMakeFiles/cmTryCompileExec4049297440.dir/CMakeCXXCompilerABI.cpp.o -rpath /share/apps/software/Compiler/GCCcore/6.4.0/hwloc/1.11.8/lib -rpath /opt/pbs/lib -rpath /usr/lib64 -rpath /share/apps/software/Compiler/GCC/6.4.0-2.28/OpenMPI/2.1.2/lib --enable-new-dtags -lmpi -lstdc++ -lm -lgcc_s -lgcc -lc -lgcc_s -lgcc /share/apps/software/Core/GCCcore/6.4.0/lib/gcc/x86_64-pc-linux-gnu/6.4.0/crtend.o /lib/../lib64/crtn.o]
    arg [/share/apps/software/Core/GCCcore/6.4.0/libexec/gcc/x86_64-pc-linux-gnu/6.4.0/collect2] ==> ignore
    arg [-plugin] ==> ignore
    arg [/share/apps/software/Core/GCCcore/6.4.0/libexec/gcc/x86_64-pc-linux-gnu/6.4.0/liblto_plugin.so] ==> ignore
    arg [-plugin-opt=/share/apps/software/Core/GCCcore/6.4.0/libexec/gcc/x86_64-pc-linux-gnu/6.4.0/lto-wrapper] ==> ignore
    arg [-plugin-opt=-fresolution=/tmp/ccw9pAmJ.res] ==> ignore
    arg [-plugin-opt=-pass-through=-lgcc_s] ==> ignore
    arg [-plugin-opt=-pass-through=-lgcc] ==> ignore
    arg [-plugin-opt=-pass-through=-lc] ==> ignore
    arg [-plugin-opt=-pass-through=-lgcc_s] ==> ignore
    arg [-plugin-opt=-pass-through=-lgcc] ==> ignore
    arg [--eh-frame-hdr] ==> ignore
    arg [-m] ==> ignore
    arg [elf_x86_64] ==> ignore
    arg [-export-dynamic] ==> ignore
    arg [-dynamic-linker] ==> ignore
    arg [/lib64/ld-linux-x86-64.so.2] ==> ignore
    arg [-o] ==> ignore
    arg [cmTryCompileExec4049297440] ==> ignore
    arg [/lib/../lib64/crt1.o] ==> ignore
    arg [/lib/../lib64/crti.o] ==> ignore
    arg [/share/apps/software/Core/GCCcore/6.4.0/lib/gcc/x86_64-pc-linux-gnu/6.4.0/crtbegin.o] ==> ignore
    arg [-L/share/apps/software/Compiler/GCCcore/6.4.0/hwloc/1.11.8/lib] ==> dir [/share/apps/software/Compiler/GCCcore/6.4.0/hwloc/1.11.8/lib]
    arg [-L/opt/pbs/lib] ==> dir [/opt/pbs/lib]
    arg [-L/usr/lib64] ==> dir [/usr/lib64]
    arg [-L/share/apps/software/Compiler/GCC/6.4.0-2.28/OpenMPI/2.1.2/lib] ==> dir [/share/apps/software/Compiler/GCC/6.4.0-2.28/OpenMPI/2.1.2/lib]
    arg [-L/share/apps/software/Core/GCCcore/6.4.0/lib64/../lib64] ==> dir [/share/apps/software/Core/GCCcore/6.4.0/lib64/../lib64]
    arg [-L/share/apps/software/Core/GCCcore/6.4.0/lib/../lib64] ==> dir [/share/apps/software/Core/GCCcore/6.4.0/lib/../lib64]
    arg [-L/share/apps/software/Core/GCCcore/6.4.0/lib/gcc/x86_64-pc-linux-gnu/6.4.0] ==> dir [/share/apps/software/Core/GCCcore/6.4.0/lib/gcc/x86_64-pc-linux-gnu/6.4.0]
    arg [-L/share/apps/software/Core/GCCcore/6.4.0/lib/gcc/x86_64-pc-linux-gnu/6.4.0/../../../../lib64] ==> dir [/share/apps/software/Core/GCCcore/6.4.0/lib/gcc/x86_64-pc-linux-gnu/6.4.0/../../../../lib64]
    arg [-L/lib/../lib64] ==> dir [/lib/../lib64]
    arg [-L/usr/lib/../lib64] ==> dir [/usr/lib/../lib64]
    arg [-L/share/apps/software/Compiler/GCC/6.4.0-2.28/OpenMPI/2.1.2/lib] ==> dir [/share/apps/software/Compiler/GCC/6.4.0-2.28/OpenMPI/2.1.2/lib]
    arg [-L/share/apps/software/Compiler/GCCcore/6.4.0/hwloc/1.11.8/lib] ==> dir [/share/apps/software/Compiler/GCCcore/6.4.0/hwloc/1.11.8/lib]
    arg [-L/share/apps/software/Compiler/GCCcore/6.4.0/numactl/2.0.11/lib] ==> dir [/share/apps/software/Compiler/GCCcore/6.4.0/numactl/2.0.11/lib]
    arg [-L/share/apps/software/Compiler/GCCcore/6.4.0/binutils/2.28/lib] ==> dir [/share/apps/software/Compiler/GCCcore/6.4.0/binutils/2.28/lib]
    arg [-L/share/apps/software/Core/GCCcore/6.4.0/lib64] ==> dir [/share/apps/software/Core/GCCcore/6.4.0/lib64]
    arg [-L/share/apps/software/Core/GCCcore/6.4.0/lib] ==> dir [/share/apps/software/Core/GCCcore/6.4.0/lib]
    arg [-L/share/apps/software/Core/GCCcore/6.4.0/lib/gcc/x86_64-pc-linux-gnu/6.4.0/../../..] ==> dir [/share/apps/software/Core/GCCcore/6.4.0/lib/gcc/x86_64-pc-linux-gnu/6.4.0/../../..]
    arg [CMakeFiles/cmTryCompileExec4049297440.dir/CMakeCXXCompilerABI.cpp.o] ==> ignore
    arg [-rpath] ==> ignore
    arg [/share/apps/software/Compiler/GCCcore/6.4.0/hwloc/1.11.8/lib] ==> ignore
    arg [-rpath] ==> ignore
    arg [/opt/pbs/lib] ==> ignore
    arg [-rpath] ==> ignore
    arg [/usr/lib64] ==> ignore
    arg [-rpath] ==> ignore
    arg [/share/apps/software/Compiler/GCC/6.4.0-2.28/OpenMPI/2.1.2/lib] ==> ignore
    arg [--enable-new-dtags] ==> ignore
    arg [-lmpi] ==> lib [mpi]
    arg [-lstdc++] ==> lib [stdc++]
    arg [-lm] ==> lib [m]
    arg [-lgcc_s] ==> lib [gcc_s]
    arg [-lgcc] ==> lib [gcc]
    arg [-lc] ==> lib [c]
    arg [-lgcc_s] ==> lib [gcc_s]
    arg [-lgcc] ==> lib [gcc]
    arg [/share/apps/software/Core/GCCcore/6.4.0/lib/gcc/x86_64-pc-linux-gnu/6.4.0/crtend.o] ==> ignore
    arg [/lib/../lib64/crtn.o] ==> ignore
  remove lib [gcc_s]
  remove lib [gcc]
  remove lib [gcc_s]
  remove lib [gcc]
  collapse library dir [/share/apps/software/Compiler/GCCcore/6.4.0/hwloc/1.11.8/lib] ==> [/share/apps/software/Compiler/GCCcore/6.4.0/hwloc/1.11.8/lib]
  collapse library dir [/opt/pbs/lib] ==> [/opt/pbs/lib]
  collapse library dir [/usr/lib64] ==> [/usr/lib64]
  collapse library dir [/share/apps/software/Compiler/GCC/6.4.0-2.28/OpenMPI/2.1.2/lib] ==> [/share/apps/software/Compiler/GCC/6.4.0-2.28/OpenMPI/2.1.2/lib]
  collapse library dir [/share/apps/software/Core/GCCcore/6.4.0/lib64/../lib64] ==> [/share/apps/software/Core/GCCcore/6.4.0/lib64]
  collapse library dir [/share/apps/software/Core/GCCcore/6.4.0/lib/../lib64] ==> [/share/apps/software/Core/GCCcore/6.4.0/lib64]
  collapse library dir [/share/apps/software/Core/GCCcore/6.4.0/lib/gcc/x86_64-pc-linux-gnu/6.4.0] ==> [/share/apps/software/Core/GCCcore/6.4.0/lib/gcc/x86_64-pc-linux-gnu/6.4.0]
  collapse library dir [/share/apps/software/Core/GCCcore/6.4.0/lib/gcc/x86_64-pc-linux-gnu/6.4.0/../../../../lib64] ==> [/share/apps/software/Core/GCCcore/6.4.0/lib64]
  collapse library dir [/lib/../lib64] ==> [/lib64]
  collapse library dir [/usr/lib/../lib64] ==> [/usr/lib64]
  collapse library dir [/share/apps/software/Compiler/GCC/6.4.0-2.28/OpenMPI/2.1.2/lib] ==> [/share/apps/software/Compiler/GCC/6.4.0-2.28/OpenMPI/2.1.2/lib]
  collapse library dir [/share/apps/software/Compiler/GCCcore/6.4.0/hwloc/1.11.8/lib] ==> [/share/apps/software/Compiler/GCCcore/6.4.0/hwloc/1.11.8/lib]
  collapse library dir [/share/apps/software/Compiler/GCCcore/6.4.0/numactl/2.0.11/lib] ==> [/share/apps/software/Compiler/GCCcore/6.4.0/numactl/2.0.11/lib]
  collapse library dir [/share/apps/software/Compiler/GCCcore/6.4.0/binutils/2.28/lib] ==> [/share/apps/software/Compiler/GCCcore/6.4.0/binutils/2.28/lib]
  collapse library dir [/share/apps/software/Core/GCCcore/6.4.0/lib64] ==> [/share/apps/software/Core/GCCcore/6.4.0/lib64]
  collapse library dir [/share/apps/software/Core/GCCcore/6.4.0/lib] ==> [/share/apps/software/Core/GCCcore/6.4.0/lib]
  collapse library dir [/share/apps/software/Core/GCCcore/6.4.0/lib/gcc/x86_64-pc-linux-gnu/6.4.0/../../..] ==> [/share/apps/software/Core/GCCcore/6.4.0/lib]
  implicit libs: [mpi;stdc++;m;c]
  implicit dirs: [/share/apps/software/Compiler/GCCcore/6.4.0/hwloc/1.11.8/lib;/opt/pbs/lib;/usr/lib64;/share/apps/software/Compiler/GCC/6.4.0-2.28/OpenMPI/2.1.2/lib;/share/apps/software/Core/GCCcore/6.4.0/lib64;/share/apps/software/Core/GCCcore/6.4.0/lib/gcc/x86_64-pc-linux-gnu/6.4.0;/lib64;/share/apps/software/Compiler/GCCcore/6.4.0/numactl/2.0.11/lib;/share/apps/software/Compiler/GCCcore/6.4.0/binutils/2.28/lib;/share/apps/software/Core/GCCcore/6.4.0/lib]
  implicit fwks: []


Compiling the Fortran compiler identification source file "CMakeFortranCompilerId.F" succeeded.
Compiler: /share/apps/software/Compiler/GCC/6.4.0-2.28/OpenMPI/2.1.2/bin/mpif90 
Build flags: 
Id flags: 

The output was:
0


Compilation of the Fortran compiler identification source "CMakeFortranCompilerId.F" produced "a.out"

The Fortran compiler identification is GNU, found in "/home/kimlv/TMA4280v2018/P2/parallell/CMakeFiles/2.8.12.2/CompilerIdFortran/a.out"

Determining if the Fortran compiler works passed with the following output:
Change Dir: /home/kimlv/TMA4280v2018/P2/parallell/CMakeFiles/CMakeTmp

Run Build Command:/usr/bin/gmake "cmTryCompileExec1455823541/fast"
/usr/bin/gmake -f CMakeFiles/cmTryCompileExec1455823541.dir/build.make CMakeFiles/cmTryCompileExec1455823541.dir/build
gmake[1]: Entering directory `/home/kimlv/TMA4280v2018/P2/parallell/CMakeFiles/CMakeTmp'
/usr/bin/cmake -E cmake_progress_report /home/kimlv/TMA4280v2018/P2/parallell/CMakeFiles/CMakeTmp/CMakeFiles 1
Building Fortran object CMakeFiles/cmTryCompileExec1455823541.dir/testFortranCompiler.f.o
/share/apps/software/Compiler/GCC/6.4.0-2.28/OpenMPI/2.1.2/bin/mpif90    -c /home/kimlv/TMA4280v2018/P2/parallell/CMakeFiles/CMakeTmp/testFortranCompiler.f -o CMakeFiles/cmTryCompileExec1455823541.dir/testFortranCompiler.f.o
Linking Fortran executable cmTryCompileExec1455823541
/usr/bin/cmake -E cmake_link_script CMakeFiles/cmTryCompileExec1455823541.dir/link.txt --verbose=1
/share/apps/software/Compiler/GCC/6.4.0-2.28/OpenMPI/2.1.2/bin/mpif90       CMakeFiles/cmTryCompileExec1455823541.dir/testFortranCompiler.f.o  -o cmTryCompileExec1455823541 -rdynamic 
gmake[1]: Leaving directory `/home/kimlv/TMA4280v2018/P2/parallell/CMakeFiles/CMakeTmp'


Detecting Fortran compiler ABI info compiled with the following output:
Change Dir: /home/kimlv/TMA4280v2018/P2/parallell/CMakeFiles/CMakeTmp

Run Build Command:/usr/bin/gmake "cmTryCompileExec157313631/fast"
/usr/bin/gmake -f CMakeFiles/cmTryCompileExec157313631.dir/build.make CMakeFiles/cmTryCompileExec157313631.dir/build
gmake[1]: Entering directory `/home/kimlv/TMA4280v2018/P2/parallell/CMakeFiles/CMakeTmp'
/usr/bin/cmake -E cmake_progress_report /home/kimlv/TMA4280v2018/P2/parallell/CMakeFiles/CMakeTmp/CMakeFiles 1
Building Fortran object CMakeFiles/cmTryCompileExec157313631.dir/CMakeFortranCompilerABI.F.o
/share/apps/software/Compiler/GCC/6.4.0-2.28/OpenMPI/2.1.2/bin/mpif90    -c /usr/share/cmake/Modules/CMakeFortranCompilerABI.F -o CMakeFiles/cmTryCompileExec157313631.dir/CMakeFortranCompilerABI.F.o
Linking Fortran executable cmTryCompileExec157313631
/usr/bin/cmake -E cmake_link_script CMakeFiles/cmTryCompileExec157313631.dir/link.txt --verbose=1
/share/apps/software/Compiler/GCC/6.4.0-2.28/OpenMPI/2.1.2/bin/mpif90   -v   CMakeFiles/cmTryCompileExec157313631.dir/CMakeFortranCompilerABI.F.o  -o cmTryCompileExec157313631 -rdynamic  
Driving: /share/apps/software/Core/GCCcore/6.4.0/bin/gfortran -v CMakeFiles/cmTryCompileExec157313631.dir/CMakeFortranCompilerABI.F.o -o cmTryCompileExec157313631 -rdynamic -I/share/apps/software/Compiler/GCC/6.4.0-2.28/OpenMPI/2.1.2/include -I/share/apps/software/Compiler/GCC/6.4.0-2.28/OpenMPI/2.1.2/lib -L/share/apps/software/Compiler/GCCcore/6.4.0/hwloc/1.11.8/lib -L/opt/pbs/lib -L/usr/lib64 -Wl,-rpath -Wl,/share/apps/software/Compiler/GCCcore/6.4.0/hwloc/1.11.8/lib -Wl,-rpath -Wl,/opt/pbs/lib -Wl,-rpath -Wl,/usr/lib64 -Wl,-rpath -Wl,/share/apps/software/Compiler/GCC/6.4.0-2.28/OpenMPI/2.1.2/lib -Wl,--enable-new-dtags -L/share/apps/software/Compiler/GCC/6.4.0-2.28/OpenMPI/2.1.2/lib -lmpi_usempif08 -lmpi_usempi_ignore_tkr -lmpi_mpifh -lmpi -l gfortran -l m -shared-libgcc
Using built-in specs.
COLLECT_GCC=/share/apps/software/Core/GCCcore/6.4.0/bin/gfortran
COLLECT_LTO_WRAPPER=/share/apps/software/Core/GCCcore/6.4.0/libexec/gcc/x86_64-pc-linux-gnu/6.4.0/lto-wrapper
Target: x86_64-pc-linux-gnu
Configured with: ../configure --enable-languages=c,c++,fortran --enable-lto --enable-checking=release --disable-multilib --enable-shared=yes --enable-static=yes --enable-threads=posix --enable-gold=default --enable-plugins --enable-ld --with-plugin-ld=ld.gold --prefix=/share/apps/software/Core/GCCcore/6.4.0 --with-local-prefix=/share/apps/software/Core/GCCcore/6.4.0 --enable-bootstrap --with-isl=/share/apps/easybuild/build/GCCcore/6.4.0/dummy-/gcc-6.4.0/stage2_stuff
Thread model: posix
gcc version 6.4.0 (GCC) 
Reading specs from /share/apps/software/Core/GCCcore/6.4.0/lib64/../lib64/libgfortran.spec
rename spec lib to liborig
COLLECT_GCC_OPTIONS='-v' '-o' 'cmTryCompileExec157313631' '-rdynamic' '-I' '/share/apps/software/Compiler/GCC/6.4.0-2.28/OpenMPI/2.1.2/include' '-I' '/share/apps/software/Compiler/GCC/6.4.0-2.28/OpenMPI/2.1.2/lib' '-L/share/apps/software/Compiler/GCCcore/6.4.0/hwloc/1.11.8/lib' '-L/opt/pbs/lib' '-L/usr/lib64' '-L/share/apps/software/Compiler/GCC/6.4.0-2.28/OpenMPI/2.1.2/lib' '-shared-libgcc' '-mtune=generic' '-march=x86-64'
COMPILER_PATH=/share/apps/software/Core/GCCcore/6.4.0/libexec/gcc/x86_64-pc-linux-gnu/6.4.0/:/share/apps/software/Core/GCCcore/6.4.0/libexec/gcc/x86_64-pc-linux-gnu/6.4.0/:/share/apps/software/Core/GCCcore/6.4.0/libexec/gcc/x86_64-pc-linux-gnu/:/share/apps/software/Core/GCCcore/6.4.0/lib/gcc/x86_64-pc-linux-gnu/6.4.0/:/share/apps/software/Core/GCCcore/6.4.0/lib/gcc/x86_64-pc-linux-gnu/
LIBRARY_PATH=/share/apps/software/Core/GCCcore/6.4.0/lib64/../lib64/:/share/apps/software/Core/GCCcore/6.4.0/lib/../lib64/:/share/apps/software/Core/GCCcore/6.4.0/lib/gcc/x86_64-pc-linux-gnu/6.4.0/:/share/apps/software/Core/GCCcore/6.4.0/lib/gcc/x86_64-pc-linux-gnu/6.4.0/../../../../lib64/:/lib/../lib64/:/usr/lib/../lib64/:/share/apps/software/Compiler/GCC/6.4.0-2.28/OpenMPI/2.1.2/lib/:/share/apps/software/Compiler/GCCcore/6.4.0/hwloc/1.11.8/lib/:/share/apps/software/Compiler/GCCcore/6.4.0/numactl/2.0.11/lib/:/share/apps/software/Compiler/GCCcore/6.4.0/binutils/2.28/lib/:/share/apps/software/Core/GCCcore/6.4.0/lib64/:/share/apps/software/Core/GCCcore/6.4.0/lib/:/share/apps/software/Core/GCCcore/6.4.0/lib/gcc/x86_64-pc-linux-gnu/6.4.0/../../../:/lib/:/usr/lib/
COLLECT_GCC_OPTIONS='-v' '-o' 'cmTryCompileExec157313631' '-rdynamic' '-I' '/share/apps/software/Compiler/GCC/6.4.0-2.28/OpenMPI/2.1.2/include' '-I' '/share/apps/software/Compiler/GCC/6.4.0-2.28/OpenMPI/2.1.2/lib' '-L/share/apps/software/Compiler/GCCcore/6.4.0/hwloc/1.11.8/lib' '-L/opt/pbs/lib' '-L/usr/lib64' '-L/share/apps/software/Compiler/GCC/6.4.0-2.28/OpenMPI/2.1.2/lib' '-shared-libgcc' '-mtune=generic' '-march=x86-64'
 /share/apps/software/Core/GCCcore/6.4.0/libexec/gcc/x86_64-pc-linux-gnu/6.4.0/collect2 -plugin /share/apps/software/Core/GCCcore/6.4.0/libexec/gcc/x86_64-pc-linux-gnu/6.4.0/liblto_plugin.so -plugin-opt=/share/apps/software/Core/GCCcore/6.4.0/libexec/gcc/x86_64-pc-linux-gnu/6.4.0/lto-wrapper -plugin-opt=-fresolution=/tmp/ccfM7RiB.res -plugin-opt=-pass-through=-lgcc_s -plugin-opt=-pass-through=-lgcc -plugin-opt=-pass-through=-lquadmath -plugin-opt=-pass-through=-lm -plugin-opt=-pass-through=-lgcc_s -plugin-opt=-pass-through=-lgcc -plugin-opt=-pass-through=-lc -plugin-opt=-pass-through=-lgcc_s -plugin-opt=-pass-through=-lgcc --eh-frame-hdr -m elf_x86_64 -export-dynamic -dynamic-linker /lib64/ld-linux-x86-64.so.2 -o cmTryCompileExec157313631 /lib/../lib64/crt1.o /lib/../lib64/crti.o /share/apps/software/Core/GCCcore/6.4.0/lib/gcc/x86_64-pc-linux-gnu/6.4.0/crtbegin.o -L/share/apps/software/Compiler/GCCcore/6.4.0/hwloc/1.11.8/lib -L/opt/pbs/lib -L/usr/lib64 -L/share/apps/software/Compiler/GCC/6.4.0-2.28/OpenMPI/2.1.2/lib -L/share/apps/software/Core/GCCcore/6.4.0/lib64/../lib64 -L/share/apps/software/Core/GCCcore/6.4.0/lib/../lib64 -L/share/apps/software/Core/GCCcore/6.4.0/lib/gcc/x86_64-pc-linux-gnu/6.4.0 -L/share/apps/software/Core/GCCcore/6.4.0/lib/gcc/x86_64-pc-linux-gnu/6.4.0/../../../../lib64 -L/lib/../lib64 -L/usr/lib/../lib64 -L/share/apps/software/Compiler/GCC/6.4.0-2.28/OpenMPI/2.1.2/lib -L/share/apps/software/Compiler/GCCcore/6.4.0/hwloc/1.11.8/lib -L/share/apps/software/Compiler/GCCcore/6.4.0/numactl/2.0.11/lib -L/share/apps/software/Compiler/GCCcore/6.4.0/binutils/2.28/lib -L/share/apps/software/Core/GCCcore/6.4.0/lib64 -L/share/apps/software/Core/GCCcore/6.4.0/lib -L/share/apps/software/Core/GCCcore/6.4.0/lib/gcc/x86_64-pc-linux-gnu/6.4.0/../../.. CMakeFiles/cmTryCompileExec157313631.dir/CMakeFortranCompilerABI.F.o -rpath /share/apps/software/Compiler/GCCcore/6.4.0/hwloc/1.11.8/lib -rpath /opt/pbs/lib -rpath /usr/lib64 -rpath /share/apps/software/Compiler/GCC/6.4.0-2.28/OpenMPI/2.1.2/lib --enable-new-dtags -lmpi_usempif08 -lmpi_usempi_ignore_tkr -lmpi_mpifh -lmpi -lgfortran -lm -lgcc_s -lgcc -lquadmath -lm -lgcc_s -lgcc -lc -lgcc_s -lgcc /share/apps/software/Core/GCCcore/6.4.0/lib/gcc/x86_64-pc-linux-gnu/6.4.0/crtend.o /lib/../lib64/crtn.o
COLLECT_GCC_OPTIONS='-v' '-o' 'cmTryCompileExec157313631' '-rdynamic' '-I' '/share/apps/software/Compiler/GCC/6.4.0-2.28/OpenMPI/2.1.2/include' '-I' '/share/apps/software/Compiler/GCC/6.4.0-2.28/OpenMPI/2.1.2/lib' '-L/share/apps/software/Compiler/GCCcore/6.4.0/hwloc/1.11.8/lib' '-L/opt/pbs/lib' '-L/usr/lib64' '-L/share/apps/software/Compiler/GCC/6.4.0-2.28/OpenMPI/2.1.2/lib' '-shared-libgcc' '-mtune=generic' '-march=x86-64'
gmake[1]: Leaving directory `/home/kimlv/TMA4280v2018/P2/parallell/CMakeFiles/CMakeTmp'


Parsed Fortran implicit link information from above output:
  link line regex: [^( *|.*[/\])(ld|([^/\]+-)?ld|collect2)[^/\]*( |$)]
  ignore line: [Change Dir: /home/kimlv/TMA4280v2018/P2/parallell/CMakeFiles/CMakeTmp]
  ignore line: []
  ignore line: [Run Build Command:/usr/bin/gmake "cmTryCompileExec157313631/fast"]
  ignore line: [/usr/bin/gmake -f CMakeFiles/cmTryCompileExec157313631.dir/build.make CMakeFiles/cmTryCompileExec157313631.dir/build]
  ignore line: [gmake[1]: Entering directory `/home/kimlv/TMA4280v2018/P2/parallell/CMakeFiles/CMakeTmp']
  ignore line: [/usr/bin/cmake -E cmake_progress_report /home/kimlv/TMA4280v2018/P2/parallell/CMakeFiles/CMakeTmp/CMakeFiles 1]
  ignore line: [Building Fortran object CMakeFiles/cmTryCompileExec157313631.dir/CMakeFortranCompilerABI.F.o]
  ignore line: [/share/apps/software/Compiler/GCC/6.4.0-2.28/OpenMPI/2.1.2/bin/mpif90    -c /usr/share/cmake/Modules/CMakeFortranCompilerABI.F -o CMakeFiles/cmTryCompileExec157313631.dir/CMakeFortranCompilerABI.F.o]
  ignore line: [Linking Fortran executable cmTryCompileExec157313631]
  ignore line: [/usr/bin/cmake -E cmake_link_script CMakeFiles/cmTryCompileExec157313631.dir/link.txt --verbose=1]
  ignore line: [/share/apps/software/Compiler/GCC/6.4.0-2.28/OpenMPI/2.1.2/bin/mpif90   -v   CMakeFiles/cmTryCompileExec157313631.dir/CMakeFortranCompilerABI.F.o  -o cmTryCompileExec157313631 -rdynamic  ]
  ignore line: [Driving: /share/apps/software/Core/GCCcore/6.4.0/bin/gfortran -v CMakeFiles/cmTryCompileExec157313631.dir/CMakeFortranCompilerABI.F.o -o cmTryCompileExec157313631 -rdynamic -I/share/apps/software/Compiler/GCC/6.4.0-2.28/OpenMPI/2.1.2/include -I/share/apps/software/Compiler/GCC/6.4.0-2.28/OpenMPI/2.1.2/lib -L/share/apps/software/Compiler/GCCcore/6.4.0/hwloc/1.11.8/lib -L/opt/pbs/lib -L/usr/lib64 -Wl,-rpath -Wl,/share/apps/software/Compiler/GCCcore/6.4.0/hwloc/1.11.8/lib -Wl,-rpath -Wl,/opt/pbs/lib -Wl,-rpath -Wl,/usr/lib64 -Wl,-rpath -Wl,/share/apps/software/Compiler/GCC/6.4.0-2.28/OpenMPI/2.1.2/lib -Wl,--enable-new-dtags -L/share/apps/software/Compiler/GCC/6.4.0-2.28/OpenMPI/2.1.2/lib -lmpi_usempif08 -lmpi_usempi_ignore_tkr -lmpi_mpifh -lmpi -l gfortran -l m -shared-libgcc]
  ignore line: [Using built-in specs.]
  ignore line: [COLLECT_GCC=/share/apps/software/Core/GCCcore/6.4.0/bin/gfortran]
  ignore line: [COLLECT_LTO_WRAPPER=/share/apps/software/Core/GCCcore/6.4.0/libexec/gcc/x86_64-pc-linux-gnu/6.4.0/lto-wrapper]
  ignore line: [Target: x86_64-pc-linux-gnu]
  ignore line: [Configured with: ../configure --enable-languages=c,c++,fortran --enable-lto --enable-checking=release --disable-multilib --enable-shared=yes --enable-static=yes --enable-threads=posix --enable-gold=default --enable-plugins --enable-ld --with-plugin-ld=ld.gold --prefix=/share/apps/software/Core/GCCcore/6.4.0 --with-local-prefix=/share/apps/software/Core/GCCcore/6.4.0 --enable-bootstrap --with-isl=/share/apps/easybuild/build/GCCcore/6.4.0/dummy-/gcc-6.4.0/stage2_stuff]
  ignore line: [Thread model: posix]
  ignore line: [gcc version 6.4.0 (GCC) ]
  ignore line: [Reading specs from /share/apps/software/Core/GCCcore/6.4.0/lib64/../lib64/libgfortran.spec]
  ignore line: [rename spec lib to liborig]
  ignore line: [COLLECT_GCC_OPTIONS='-v' '-o' 'cmTryCompileExec157313631' '-rdynamic' '-I' '/share/apps/software/Compiler/GCC/6.4.0-2.28/OpenMPI/2.1.2/include' '-I' '/share/apps/software/Compiler/GCC/6.4.0-2.28/OpenMPI/2.1.2/lib' '-L/share/apps/software/Compiler/GCCcore/6.4.0/hwloc/1.11.8/lib' '-L/opt/pbs/lib' '-L/usr/lib64' '-L/share/apps/software/Compiler/GCC/6.4.0-2.28/OpenMPI/2.1.2/lib' '-shared-libgcc' '-mtune=generic' '-march=x86-64']
  ignore line: [COMPILER_PATH=/share/apps/software/Core/GCCcore/6.4.0/libexec/gcc/x86_64-pc-linux-gnu/6.4.0/:/share/apps/software/Core/GCCcore/6.4.0/libexec/gcc/x86_64-pc-linux-gnu/6.4.0/:/share/apps/software/Core/GCCcore/6.4.0/libexec/gcc/x86_64-pc-linux-gnu/:/share/apps/software/Core/GCCcore/6.4.0/lib/gcc/x86_64-pc-linux-gnu/6.4.0/:/share/apps/software/Core/GCCcore/6.4.0/lib/gcc/x86_64-pc-linux-gnu/]
  ignore line: [LIBRARY_PATH=/share/apps/software/Core/GCCcore/6.4.0/lib64/../lib64/:/share/apps/software/Core/GCCcore/6.4.0/lib/../lib64/:/share/apps/software/Core/GCCcore/6.4.0/lib/gcc/x86_64-pc-linux-gnu/6.4.0/:/share/apps/software/Core/GCCcore/6.4.0/lib/gcc/x86_64-pc-linux-gnu/6.4.0/../../../../lib64/:/lib/../lib64/:/usr/lib/../lib64/:/share/apps/software/Compiler/GCC/6.4.0-2.28/OpenMPI/2.1.2/lib/:/share/apps/software/Compiler/GCCcore/6.4.0/hwloc/1.11.8/lib/:/share/apps/software/Compiler/GCCcore/6.4.0/numactl/2.0.11/lib/:/share/apps/software/Compiler/GCCcore/6.4.0/binutils/2.28/lib/:/share/apps/software/Core/GCCcore/6.4.0/lib64/:/share/apps/software/Core/GCCcore/6.4.0/lib/:/share/apps/software/Core/GCCcore/6.4.0/lib/gcc/x86_64-pc-linux-gnu/6.4.0/../../../:/lib/:/usr/lib/]
  ignore line: [COLLECT_GCC_OPTIONS='-v' '-o' 'cmTryCompileExec157313631' '-rdynamic' '-I' '/share/apps/software/Compiler/GCC/6.4.0-2.28/OpenMPI/2.1.2/include' '-I' '/share/apps/software/Compiler/GCC/6.4.0-2.28/OpenMPI/2.1.2/lib' '-L/share/apps/software/Compiler/GCCcore/6.4.0/hwloc/1.11.8/lib' '-L/opt/pbs/lib' '-L/usr/lib64' '-L/share/apps/software/Compiler/GCC/6.4.0-2.28/OpenMPI/2.1.2/lib' '-shared-libgcc' '-mtune=generic' '-march=x86-64']
  link line: [ /share/apps/software/Core/GCCcore/6.4.0/libexec/gcc/x86_64-pc-linux-gnu/6.4.0/collect2 -plugin /share/apps/software/Core/GCCcore/6.4.0/libexec/gcc/x86_64-pc-linux-gnu/6.4.0/liblto_plugin.so -plugin-opt=/share/apps/software/Core/GCCcore/6.4.0/libexec/gcc/x86_64-pc-linux-gnu/6.4.0/lto-wrapper -plugin-opt=-fresolution=/tmp/ccfM7RiB.res -plugin-opt=-pass-through=-lgcc_s -plugin-opt=-pass-through=-lgcc -plugin-opt=-pass-through=-lquadmath -plugin-opt=-pass-through=-lm -plugin-opt=-pass-through=-lgcc_s -plugin-opt=-pass-through=-lgcc -plugin-opt=-pass-through=-lc -plugin-opt=-pass-through=-lgcc_s -plugin-opt=-pass-through=-lgcc --eh-frame-hdr -m elf_x86_64 -export-dynamic -dynamic-linker /lib64/ld-linux-x86-64.so.2 -o cmTryCompileExec157313631 /lib/../lib64/crt1.o /lib/../lib64/crti.o /share/apps/software/Core/GCCcore/6.4.0/lib/gcc/x86_64-pc-linux-gnu/6.4.0/crtbegin.o -L/share/apps/software/Compiler/GCCcore/6.4.0/hwloc/1.11.8/lib -L/opt/pbs/lib -L/usr/lib64 -L/share/apps/software/Compiler/GCC/6.4.0-2.28/OpenMPI/2.1.2/lib -L/share/apps/software/Core/GCCcore/6.4.0/lib64/../lib64 -L/share/apps/software/Core/GCCcore/6.4.0/lib/../lib64 -L/share/apps/software/Core/GCCcore/6.4.0/lib/gcc/x86_64-pc-linux-gnu/6.4.0 -L/share/apps/software/Core/GCCcore/6.4.0/lib/gcc/x86_64-pc-linux-gnu/6.4.0/../../../../lib64 -L/lib/../lib64 -L/usr/lib/../lib64 -L/share/apps/software/Compiler/GCC/6.4.0-2.28/OpenMPI/2.1.2/lib -L/share/apps/software/Compiler/GCCcore/6.4.0/hwloc/1.11.8/lib -L/share/apps/software/Compiler/GCCcore/6.4.0/numactl/2.0.11/lib -L/share/apps/software/Compiler/GCCcore/6.4.0/binutils/2.28/lib -L/share/apps/software/Core/GCCcore/6.4.0/lib64 -L/share/apps/software/Core/GCCcore/6.4.0/lib -L/share/apps/software/Core/GCCcore/6.4.0/lib/gcc/x86_64-pc-linux-gnu/6.4.0/../../.. CMakeFiles/cmTryCompileExec157313631.dir/CMakeFortranCompilerABI.F.o -rpath /share/apps/software/Compiler/GCCcore/6.4.0/hwloc/1.11.8/lib -rpath /opt/pbs/lib -rpath /usr/lib64 -rpath /share/apps/software/Compiler/GCC/6.4.0-2.28/OpenMPI/2.1.2/lib --enable-new-dtags -lmpi_usempif08 -lmpi_usempi_ignore_tkr -lmpi_mpifh -lmpi -lgfortran -lm -lgcc_s -lgcc -lquadmath -lm -lgcc_s -lgcc -lc -lgcc_s -lgcc /share/apps/software/Core/GCCcore/6.4.0/lib/gcc/x86_64-pc-linux-gnu/6.4.0/crtend.o /lib/../lib64/crtn.o]
    arg [/share/apps/software/Core/GCCcore/6.4.0/libexec/gcc/x86_64-pc-linux-gnu/6.4.0/collect2] ==> ignore
    arg [-plugin] ==> ignore
    arg [/share/apps/software/Core/GCCcore/6.4.0/libexec/gcc/x86_64-pc-linux-gnu/6.4.0/liblto_plugin.so] ==> ignore
    arg [-plugin-opt=/share/apps/software/Core/GCCcore/6.4.0/libexec/gcc/x86_64-pc-linux-gnu/6.4.0/lto-wrapper] ==> ignore
    arg [-plugin-opt=-fresolution=/tmp/ccfM7RiB.res] ==> ignore
    arg [-plugin-opt=-pass-through=-lgcc_s] ==> ignore
    arg [-plugin-opt=-pass-through=-lgcc] ==> ignore
    arg [-plugin-opt=-pass-through=-lquadmath] ==> ignore
    arg [-plugin-opt=-pass-through=-lm] ==> ignore
    arg [-plugin-opt=-pass-through=-lgcc_s] ==> ignore
    arg [-plugin-opt=-pass-through=-lgcc] ==> ignore
    arg [-plugin-opt=-pass-through=-lc] ==> ignore
    arg [-plugin-opt=-pass-through=-lgcc_s] ==> ignore
    arg [-plugin-opt=-pass-through=-lgcc] ==> ignore
    arg [--eh-frame-hdr] ==> ignore
    arg [-m] ==> ignore
    arg [elf_x86_64] ==> ignore
    arg [-export-dynamic] ==> ignore
    arg [-dynamic-linker] ==> ignore
    arg [/lib64/ld-linux-x86-64.so.2] ==> ignore
    arg [-o] ==> ignore
    arg [cmTryCompileExec157313631] ==> ignore
    arg [/lib/../lib64/crt1.o] ==> ignore
    arg [/lib/../lib64/crti.o] ==> ignore
    arg [/share/apps/software/Core/GCCcore/6.4.0/lib/gcc/x86_64-pc-linux-gnu/6.4.0/crtbegin.o] ==> ignore
    arg [-L/share/apps/software/Compiler/GCCcore/6.4.0/hwloc/1.11.8/lib] ==> dir [/share/apps/software/Compiler/GCCcore/6.4.0/hwloc/1.11.8/lib]
    arg [-L/opt/pbs/lib] ==> dir [/opt/pbs/lib]
    arg [-L/usr/lib64] ==> dir [/usr/lib64]
    arg [-L/share/apps/software/Compiler/GCC/6.4.0-2.28/OpenMPI/2.1.2/lib] ==> dir [/share/apps/software/Compiler/GCC/6.4.0-2.28/OpenMPI/2.1.2/lib]
    arg [-L/share/apps/software/Core/GCCcore/6.4.0/lib64/../lib64] ==> dir [/share/apps/software/Core/GCCcore/6.4.0/lib64/../lib64]
    arg [-L/share/apps/software/Core/GCCcore/6.4.0/lib/../lib64] ==> dir [/share/apps/software/Core/GCCcore/6.4.0/lib/../lib64]
    arg [-L/share/apps/software/Core/GCCcore/6.4.0/lib/gcc/x86_64-pc-linux-gnu/6.4.0] ==> dir [/share/apps/software/Core/GCCcore/6.4.0/lib/gcc/x86_64-pc-linux-gnu/6.4.0]
    arg [-L/share/apps/software/Core/GCCcore/6.4.0/lib/gcc/x86_64-pc-linux-gnu/6.4.0/../../../../lib64] ==> dir [/share/apps/software/Core/GCCcore/6.4.0/lib/gcc/x86_64-pc-linux-gnu/6.4.0/../../../../lib64]
    arg [-L/lib/../lib64] ==> dir [/lib/../lib64]
    arg [-L/usr/lib/../lib64] ==> dir [/usr/lib/../lib64]
    arg [-L/share/apps/software/Compiler/GCC/6.4.0-2.28/OpenMPI/2.1.2/lib] ==> dir [/share/apps/software/Compiler/GCC/6.4.0-2.28/OpenMPI/2.1.2/lib]
    arg [-L/share/apps/software/Compiler/GCCcore/6.4.0/hwloc/1.11.8/lib] ==> dir [/share/apps/software/Compiler/GCCcore/6.4.0/hwloc/1.11.8/lib]
    arg [-L/share/apps/software/Compiler/GCCcore/6.4.0/numactl/2.0.11/lib] ==> dir [/share/apps/software/Compiler/GCCcore/6.4.0/numactl/2.0.11/lib]
    arg [-L/share/apps/software/Compiler/GCCcore/6.4.0/binutils/2.28/lib] ==> dir [/share/apps/software/Compiler/GCCcore/6.4.0/binutils/2.28/lib]
    arg [-L/share/apps/software/Core/GCCcore/6.4.0/lib64] ==> dir [/share/apps/software/Core/GCCcore/6.4.0/lib64]
    arg [-L/share/apps/software/Core/GCCcore/6.4.0/lib] ==> dir [/share/apps/software/Core/GCCcore/6.4.0/lib]
    arg [-L/share/apps/software/Core/GCCcore/6.4.0/lib/gcc/x86_64-pc-linux-gnu/6.4.0/../../..] ==> dir [/share/apps/software/Core/GCCcore/6.4.0/lib/gcc/x86_64-pc-linux-gnu/6.4.0/../../..]
    arg [CMakeFiles/cmTryCompileExec157313631.dir/CMakeFortranCompilerABI.F.o] ==> ignore
    arg [-rpath] ==> ignore
    arg [/share/apps/software/Compiler/GCCcore/6.4.0/hwloc/1.11.8/lib] ==> ignore
    arg [-rpath] ==> ignore
    arg [/opt/pbs/lib] ==> ignore
    arg [-rpath] ==> ignore
    arg [/usr/lib64] ==> ignore
    arg [-rpath] ==> ignore
    arg [/share/apps/software/Compiler/GCC/6.4.0-2.28/OpenMPI/2.1.2/lib] ==> ignore
    arg [--enable-new-dtags] ==> ignore
    arg [-lmpi_usempif08] ==> lib [mpi_usempif08]
    arg [-lmpi_usempi_ignore_tkr] ==> lib [mpi_usempi_ignore_tkr]
    arg [-lmpi_mpifh] ==> lib [mpi_mpifh]
    arg [-lmpi] ==> lib [mpi]
    arg [-lgfortran] ==> lib [gfortran]
    arg [-lm] ==> lib [m]
    arg [-lgcc_s] ==> lib [gcc_s]
    arg [-lgcc] ==> lib [gcc]
    arg [-lquadmath] ==> lib [quadmath]
    arg [-lm] ==> lib [m]
    arg [-lgcc_s] ==> lib [gcc_s]
    arg [-lgcc] ==> lib [gcc]
    arg [-lc] ==> lib [c]
    arg [-lgcc_s] ==> lib [gcc_s]
    arg [-lgcc] ==> lib [gcc]
    arg [/share/apps/software/Core/GCCcore/6.4.0/lib/gcc/x86_64-pc-linux-gnu/6.4.0/crtend.o] ==> ignore
    arg [/lib/../lib64/crtn.o] ==> ignore
  remove lib [gcc_s]
  remove lib [gcc]
  remove lib [gcc_s]
  remove lib [gcc]
  remove lib [gcc_s]
  remove lib [gcc]
  collapse library dir [/share/apps/software/Compiler/GCCcore/6.4.0/hwloc/1.11.8/lib] ==> [/share/apps/software/Compiler/GCCcore/6.4.0/hwloc/1.11.8/lib]
  collapse library dir [/opt/pbs/lib] ==> [/opt/pbs/lib]
  collapse library dir [/usr/lib64] ==> [/usr/lib64]
  collapse library dir [/share/apps/software/Compiler/GCC/6.4.0-2.28/OpenMPI/2.1.2/lib] ==> [/share/apps/software/Compiler/GCC/6.4.0-2.28/OpenMPI/2.1.2/lib]
  collapse library dir [/share/apps/software/Core/GCCcore/6.4.0/lib64/../lib64] ==> [/share/apps/software/Core/GCCcore/6.4.0/lib64]
  collapse library dir [/share/apps/software/Core/GCCcore/6.4.0/lib/../lib64] ==> [/share/apps/software/Core/GCCcore/6.4.0/lib64]
  collapse library dir [/share/apps/software/Core/GCCcore/6.4.0/lib/gcc/x86_64-pc-linux-gnu/6.4.0] ==> [/share/apps/software/Core/GCCcore/6.4.0/lib/gcc/x86_64-pc-linux-gnu/6.4.0]
  collapse library dir [/share/apps/software/Core/GCCcore/6.4.0/lib/gcc/x86_64-pc-linux-gnu/6.4.0/../../../../lib64] ==> [/share/apps/software/Core/GCCcore/6.4.0/lib64]
  collapse library dir [/lib/../lib64] ==> [/lib64]
  collapse library dir [/usr/lib/../lib64] ==> [/usr/lib64]
  collapse library dir [/share/apps/software/Compiler/GCC/6.4.0-2.28/OpenMPI/2.1.2/lib] ==> [/share/apps/software/Compiler/GCC/6.4.0-2.28/OpenMPI/2.1.2/lib]
  collapse library dir [/share/apps/software/Compiler/GCCcore/6.4.0/hwloc/1.11.8/lib] ==> [/share/apps/software/Compiler/GCCcore/6.4.0/hwloc/1.11.8/lib]
  collapse library dir [/share/apps/software/Compiler/GCCcore/6.4.0/numactl/2.0.11/lib] ==> [/share/apps/software/Compiler/GCCcore/6.4.0/numactl/2.0.11/lib]
  collapse library dir [/share/apps/software/Compiler/GCCcore/6.4.0/binutils/2.28/lib] ==> [/share/apps/software/Compiler/GCCcore/6.4.0/binutils/2.28/lib]
  collapse library dir [/share/apps/software/Core/GCCcore/6.4.0/lib64] ==> [/share/apps/software/Core/GCCcore/6.4.0/lib64]
  collapse library dir [/share/apps/software/Core/GCCcore/6.4.0/lib] ==> [/share/apps/software/Core/GCCcore/6.4.0/lib]
  collapse library dir [/share/apps/software/Core/GCCcore/6.4.0/lib/gcc/x86_64-pc-linux-gnu/6.4.0/../../..] ==> [/share/apps/software/Core/GCCcore/6.4.0/lib]
  implicit libs: [mpi_usempif08;mpi_usempi_ignore_tkr;mpi_mpifh;mpi;gfortran;m;quadmath;m;c]
  implicit dirs: [/share/apps/software/Compiler/GCCcore/6.4.0/hwloc/1.11.8/lib;/opt/pbs/lib;/usr/lib64;/share/apps/software/Compiler/GCC/6.4.0-2.28/OpenMPI/2.1.2/lib;/share/apps/software/Core/GCCcore/6.4.0/lib64;/share/apps/software/Core/GCCcore/6.4.0/lib/gcc/x86_64-pc-linux-gnu/6.4.0;/lib64;/share/apps/software/Compiler/GCCcore/6.4.0/numactl/2.0.11/lib;/share/apps/software/Compiler/GCCcore/6.4.0/binutils/2.28/lib;/share/apps/software/Core/GCCcore/6.4.0/lib]
  implicit fwks: []


Determining if the Fortran compiler supports Fortran 90 passed with the following output:
Change Dir: /home/kimlv/TMA4280v2018/P2/parallell/CMakeFiles/CMakeTmp

Run Build Command:/usr/bin/gmake "cmTryCompileExec4290331869/fast"
/usr/bin/gmake -f CMakeFiles/cmTryCompileExec4290331869.dir/build.make CMakeFiles/cmTryCompileExec4290331869.dir/build
gmake[1]: Entering directory `/home/kimlv/TMA4280v2018/P2/parallell/CMakeFiles/CMakeTmp'
/usr/bin/cmake -E cmake_progress_report /home/kimlv/TMA4280v2018/P2/parallell/CMakeFiles/CMakeTmp/CMakeFiles 1
Building Fortran object CMakeFiles/cmTryCompileExec4290331869.dir/testFortranCompilerF90.f90.o
/share/apps/software/Compiler/GCC/6.4.0-2.28/OpenMPI/2.1.2/bin/mpif90    -c /home/kimlv/TMA4280v2018/P2/parallell/CMakeFiles/CMakeTmp/testFortranCompilerF90.f90 -o CMakeFiles/cmTryCompileExec4290331869.dir/testFortranCompilerF90.f90.o
Linking Fortran executable cmTryCompileExec4290331869
/usr/bin/cmake -E cmake_link_script CMakeFiles/cmTryCompileExec4290331869.dir/link.txt --verbose=1
/share/apps/software/Compiler/GCC/6.4.0-2.28/OpenMPI/2.1.2/bin/mpif90       CMakeFiles/cmTryCompileExec4290331869.dir/testFortranCompilerF90.f90.o  -o cmTryCompileExec4290331869 -rdynamic 
gmake[1]: Leaving directory `/home/kimlv/TMA4280v2018/P2/parallell/CMakeFiles/CMakeTmp'


Performing C SOURCE FILE Test OpenMP_FLAG_DETECTED succeded with the following output:
Change Dir: /home/kimlv/TMA4280v2018/P2/parallell/CMakeFiles/CMakeTmp

Run Build Command:/usr/bin/gmake "cmTryCompileExec107346172/fast"
/usr/bin/gmake -f CMakeFiles/cmTryCompileExec107346172.dir/build.make CMakeFiles/cmTryCompileExec107346172.dir/build
gmake[1]: Entering directory `/home/kimlv/TMA4280v2018/P2/parallell/CMakeFiles/CMakeTmp'
/usr/bin/cmake -E cmake_progress_report /home/kimlv/TMA4280v2018/P2/parallell/CMakeFiles/CMakeTmp/CMakeFiles 1
Building C object CMakeFiles/cmTryCompileExec107346172.dir/src.c.o
/share/apps/software/Compiler/GCC/6.4.0-2.28/OpenMPI/2.1.2/bin/mpicc   -DOpenMP_FLAG_DETECTED -fopenmp   -o CMakeFiles/cmTryCompileExec107346172.dir/src.c.o   -c /home/kimlv/TMA4280v2018/P2/parallell/CMakeFiles/CMakeTmp/src.c
Linking C executable cmTryCompileExec107346172
/usr/bin/cmake -E cmake_link_script CMakeFiles/cmTryCompileExec107346172.dir/link.txt --verbose=1
/share/apps/software/Compiler/GCC/6.4.0-2.28/OpenMPI/2.1.2/bin/mpicc   -DOpenMP_FLAG_DETECTED -fopenmp    CMakeFiles/cmTryCompileExec107346172.dir/src.c.o  -o cmTryCompileExec107346172 -rdynamic 
gmake[1]: Leaving directory `/home/kimlv/TMA4280v2018/P2/parallell/CMakeFiles/CMakeTmp'

Source file was:

#include <omp.h>
int main() {
#ifdef _OPENMP
  return 0;
#else
  breaks_on_purpose
#endif
}

Performing C++ SOURCE FILE Test OpenMP_FLAG_DETECTED succeded with the following output:
Change Dir: /home/kimlv/TMA4280v2018/P2/parallell/CMakeFiles/CMakeTmp

Run Build Command:/usr/bin/gmake "cmTryCompileExec2821554316/fast"
/usr/bin/gmake -f CMakeFiles/cmTryCompileExec2821554316.dir/build.make CMakeFiles/cmTryCompileExec2821554316.dir/build
gmake[1]: Entering directory `/home/kimlv/TMA4280v2018/P2/parallell/CMakeFiles/CMakeTmp'
/usr/bin/cmake -E cmake_progress_report /home/kimlv/TMA4280v2018/P2/parallell/CMakeFiles/CMakeTmp/CMakeFiles 1
Building CXX object CMakeFiles/cmTryCompileExec2821554316.dir/src.cxx.o
/share/apps/software/Compiler/GCC/6.4.0-2.28/OpenMPI/2.1.2/bin/mpicxx    -DOpenMP_FLAG_DETECTED -fopenmp   -o CMakeFiles/cmTryCompileExec2821554316.dir/src.cxx.o -c /home/kimlv/TMA4280v2018/P2/parallell/CMakeFiles/CMakeTmp/src.cxx
Linking CXX executable cmTryCompileExec2821554316
/usr/bin/cmake -E cmake_link_script CMakeFiles/cmTryCompileExec2821554316.dir/link.txt --verbose=1
/share/apps/software/Compiler/GCC/6.4.0-2.28/OpenMPI/2.1.2/bin/mpicxx    -DOpenMP_FLAG_DETECTED -fopenmp    CMakeFiles/cmTryCompileExec2821554316.dir/src.cxx.o  -o cmTryCompileExec2821554316 -rdynamic 
gmake[1]: Leaving directory `/home/kimlv/TMA4280v2018/P2/parallell/CMakeFiles/CMakeTmp'

Source file was:

#include <omp.h>
int main() {
#ifdef _OPENMP
  return 0;
#else
  breaks_on_purpose
#endif
}

